2023-03-12 14:28:58.4964|INFO|Microsoft.EntityFrameworkCore.Database.Command|Executed DbCommand (222ms) [Parameters=[], CommandType='Text', CommandTimeout='60']
CREATE DATABASE [NiteDB];
2023-03-12 14:28:58.6405|INFO|Microsoft.EntityFrameworkCore.Database.Command|Executed DbCommand (97ms) [Parameters=[], CommandType='Text', CommandTimeout='60']
IF SERVERPROPERTY('EngineEdition') <> 5
BEGIN
    ALTER DATABASE [NiteDB] SET READ_COMMITTED_SNAPSHOT ON;
END;
2023-03-12 14:28:58.6709|INFO|Microsoft.EntityFrameworkCore.Database.Command|Executed DbCommand (10ms) [Parameters=[], CommandType='Text', CommandTimeout='30']
SELECT 1
2023-03-12 14:28:59.4334|INFO|Microsoft.EntityFrameworkCore.Database.Command|Executed DbCommand (11ms) [Parameters=[], CommandType='Text', CommandTimeout='30']
CREATE TABLE [Users] (
    [Id] int NOT NULL IDENTITY,
    [Username] nvarchar(max) NOT NULL,
    [Email] nvarchar(max) NOT NULL,
    [Password] nvarchar(max) NOT NULL,
    [IsAdmin] bit NOT NULL,
    CONSTRAINT [PK_Users] PRIMARY KEY ([Id])
);
2023-03-12 14:28:59.4981|INFO|Microsoft.EntityFrameworkCore.Database.Command|Executed DbCommand (64ms) [Parameters=[], CommandType='Text', CommandTimeout='30']
IF EXISTS (SELECT * FROM [sys].[identity_columns] WHERE [name] IN (N'Id', N'Email', N'IsAdmin', N'Password', N'Username') AND [object_id] = OBJECT_ID(N'[Users]'))
    SET IDENTITY_INSERT [Users] ON;
INSERT INTO [Users] ([Id], [Email], [IsAdmin], [Password], [Username])
VALUES (1, N'deeagabor@gmail.com', CAST(1 AS bit), N'ef797c8118f02dfb649607dd5d3f8c7623048c9c063d532cc95c5ed7a898a64f', N'deeagabor'),
(2, N'wolflorena@gmail.com', CAST(1 AS bit), N'ef797c8118f02dfb649607dd5d3f8c7623048c9c063d532cc95c5ed7a898a64f', N'wolflorena'),
(3, N'testunu@gmail.com', CAST(0 AS bit), N'ef797c8118f02dfb649607dd5d3f8c7623048c9c063d532cc95c5ed7a898a64f', N'test1'),
(4, N'testdoi@gmail.com', CAST(0 AS bit), N'ef797c8118f02dfb649607dd5d3f8c7623048c9c063d532cc95c5ed7a898a64f', N'test2');
IF EXISTS (SELECT * FROM [sys].[identity_columns] WHERE [name] IN (N'Id', N'Email', N'IsAdmin', N'Password', N'Username') AND [object_id] = OBJECT_ID(N'[Users]'))
    SET IDENTITY_INSERT [Users] OFF;
2023-03-12 14:29:43.4581|INFO|Nite.API.Program|Initializing application...
2023-03-12 14:29:53.8128|INFO|Microsoft.EntityFrameworkCore.Database.Command|Executed DbCommand (63ms) [Parameters=[], CommandType='Text', CommandTimeout='30']
SELECT 1
2023-03-12 14:29:54.1107|INFO|Microsoft.EntityFrameworkCore.Database.Command|Executed DbCommand (76ms) [Parameters=[], CommandType='Text', CommandTimeout='60']
IF SERVERPROPERTY('EngineEdition') <> 5
BEGIN
    ALTER DATABASE [NiteDB] SET SINGLE_USER WITH ROLLBACK IMMEDIATE;
END;
2023-03-12 14:29:54.1649|INFO|Microsoft.EntityFrameworkCore.Database.Command|Executed DbCommand (52ms) [Parameters=[], CommandType='Text', CommandTimeout='60']
DROP DATABASE [NiteDB];
2023-03-12 14:29:54.4352|INFO|Microsoft.EntityFrameworkCore.Database.Command|Executed DbCommand (203ms) [Parameters=[], CommandType='Text', CommandTimeout='60']
CREATE DATABASE [NiteDB];
2023-03-12 14:29:54.4987|INFO|Microsoft.EntityFrameworkCore.Database.Command|Executed DbCommand (61ms) [Parameters=[], CommandType='Text', CommandTimeout='60']
IF SERVERPROPERTY('EngineEdition') <> 5
BEGIN
    ALTER DATABASE [NiteDB] SET READ_COMMITTED_SNAPSHOT ON;
END;
2023-03-12 14:29:54.4987|INFO|Microsoft.EntityFrameworkCore.Database.Command|Executed DbCommand (0ms) [Parameters=[], CommandType='Text', CommandTimeout='30']
SELECT 1
2023-03-12 14:29:54.7078|INFO|Microsoft.EntityFrameworkCore.Database.Command|Executed DbCommand (10ms) [Parameters=[], CommandType='Text', CommandTimeout='30']
CREATE TABLE [__EFMigrationsHistory] (
    [MigrationId] nvarchar(150) NOT NULL,
    [ProductVersion] nvarchar(32) NOT NULL,
    CONSTRAINT [PK___EFMigrationsHistory] PRIMARY KEY ([MigrationId])
);
2023-03-12 14:29:54.7113|INFO|Microsoft.EntityFrameworkCore.Database.Command|Executed DbCommand (0ms) [Parameters=[], CommandType='Text', CommandTimeout='30']
SELECT 1
2023-03-12 14:29:54.7730|INFO|Microsoft.EntityFrameworkCore.Database.Command|Executed DbCommand (47ms) [Parameters=[], CommandType='Text', CommandTimeout='30']
SELECT OBJECT_ID(N'[__EFMigrationsHistory]');
2023-03-12 14:29:54.7902|INFO|Microsoft.EntityFrameworkCore.Database.Command|Executed DbCommand (8ms) [Parameters=[], CommandType='Text', CommandTimeout='30']
SELECT [MigrationId], [ProductVersion]
FROM [__EFMigrationsHistory]
ORDER BY [MigrationId];
2023-03-12 14:29:54.8370|INFO|Microsoft.EntityFrameworkCore.Migrations|Applying migration '20230312122859_Initial Migration'.
2023-03-12 14:29:54.9461|INFO|Microsoft.EntityFrameworkCore.Database.Command|Executed DbCommand (4ms) [Parameters=[], CommandType='Text', CommandTimeout='30']
CREATE TABLE [Users] (
    [Id] int NOT NULL IDENTITY,
    [Username] nvarchar(max) NOT NULL,
    [Email] nvarchar(max) NOT NULL,
    [Password] nvarchar(max) NOT NULL,
    [IsAdmin] bit NOT NULL,
    CONSTRAINT [PK_Users] PRIMARY KEY ([Id])
);
2023-03-12 14:29:55.0188|INFO|Microsoft.EntityFrameworkCore.Database.Command|Executed DbCommand (70ms) [Parameters=[], CommandType='Text', CommandTimeout='30']
IF EXISTS (SELECT * FROM [sys].[identity_columns] WHERE [name] IN (N'Id', N'Email', N'IsAdmin', N'Password', N'Username') AND [object_id] = OBJECT_ID(N'[Users]'))
    SET IDENTITY_INSERT [Users] ON;
INSERT INTO [Users] ([Id], [Email], [IsAdmin], [Password], [Username])
VALUES (1, N'deeagabor@gmail.com', CAST(1 AS bit), N'ef797c8118f02dfb649607dd5d3f8c7623048c9c063d532cc95c5ed7a898a64f', N'deeagabor'),
(2, N'wolflorena@gmail.com', CAST(1 AS bit), N'ef797c8118f02dfb649607dd5d3f8c7623048c9c063d532cc95c5ed7a898a64f', N'wolflorena'),
(3, N'testunu@gmail.com', CAST(0 AS bit), N'ef797c8118f02dfb649607dd5d3f8c7623048c9c063d532cc95c5ed7a898a64f', N'test1'),
(4, N'testdoi@gmail.com', CAST(0 AS bit), N'ef797c8118f02dfb649607dd5d3f8c7623048c9c063d532cc95c5ed7a898a64f', N'test2');
IF EXISTS (SELECT * FROM [sys].[identity_columns] WHERE [name] IN (N'Id', N'Email', N'IsAdmin', N'Password', N'Username') AND [object_id] = OBJECT_ID(N'[Users]'))
    SET IDENTITY_INSERT [Users] OFF;
2023-03-12 14:29:55.0287|INFO|Microsoft.EntityFrameworkCore.Database.Command|Executed DbCommand (8ms) [Parameters=[], CommandType='Text', CommandTimeout='30']
INSERT INTO [__EFMigrationsHistory] ([MigrationId], [ProductVersion])
VALUES (N'20230312122859_Initial Migration', N'7.0.3');
2023-03-12 14:29:55.7124|INFO|Microsoft.AspNetCore.DataProtection.KeyManagement.XmlKeyManager|User profile is available. Using 'C:\Users\Andreea\AppData\Local\ASP.NET\DataProtection-Keys' as key repository and Windows DPAPI to encrypt keys at rest.
2023-03-12 14:29:55.7317|INFO|Microsoft.AspNetCore.DataProtection.KeyManagement.XmlKeyManager|Creating key {1eb74219-c926-4e80-b6c6-a3fe68afb978} with creation date 2023-03-12 12:29:55Z, activation date 2023-03-12 12:29:55Z, and expiration date 2023-06-10 12:29:55Z.
2023-03-12 14:29:55.7624|INFO|Microsoft.AspNetCore.DataProtection.Repositories.FileSystemXmlRepository|Writing data to file 'C:\Users\Andreea\AppData\Local\ASP.NET\DataProtection-Keys\key-1eb74219-c926-4e80-b6c6-a3fe68afb978.xml'.
2023-03-12 14:30:19.2584|INFO|Microsoft.AspNetCore.Hosting.Diagnostics|Request starting HTTP/2 GET https://localhost:7053/ - -
2023-03-12 14:30:19.5255|INFO|Microsoft.AspNetCore.Hosting.Diagnostics|Request finished HTTP/2 GET https://localhost:7053/ - - - 404 0 - 271.7626ms
2023-03-12 14:32:32.1449|INFO|Microsoft.AspNetCore.Hosting.Diagnostics|Request starting HTTP/2 GET https://localhost:7053/ - -
2023-03-12 14:32:32.1449|INFO|Microsoft.AspNetCore.Hosting.Diagnostics|Request finished HTTP/2 GET https://localhost:7053/ - - - 404 0 - 3.2634ms
2023-03-12 14:39:20.1499|INFO|Nite.API.Program|Initializing application...
2023-03-12 14:39:27.2449|INFO|Microsoft.EntityFrameworkCore.Database.Command|Executed DbCommand (67ms) [Parameters=[], CommandType='Text', CommandTimeout='30']
SELECT 1
2023-03-12 14:39:30.4735|INFO|Microsoft.EntityFrameworkCore.Database.Command|Executed DbCommand (3,044ms) [Parameters=[], CommandType='Text', CommandTimeout='60']
IF SERVERPROPERTY('EngineEdition') <> 5
BEGIN
    ALTER DATABASE [NiteDB] SET SINGLE_USER WITH ROLLBACK IMMEDIATE;
END;
2023-03-12 14:39:30.5529|INFO|Microsoft.EntityFrameworkCore.Database.Command|Executed DbCommand (77ms) [Parameters=[], CommandType='Text', CommandTimeout='60']
DROP DATABASE [NiteDB];
2023-03-12 14:39:31.2606|INFO|Microsoft.EntityFrameworkCore.Database.Command|Executed DbCommand (638ms) [Parameters=[], CommandType='Text', CommandTimeout='60']
CREATE DATABASE [NiteDB];
2023-03-12 14:39:31.4222|INFO|Microsoft.EntityFrameworkCore.Database.Command|Executed DbCommand (158ms) [Parameters=[], CommandType='Text', CommandTimeout='60']
IF SERVERPROPERTY('EngineEdition') <> 5
BEGIN
    ALTER DATABASE [NiteDB] SET READ_COMMITTED_SNAPSHOT ON;
END;
2023-03-12 14:39:31.4346|INFO|Microsoft.EntityFrameworkCore.Database.Command|Executed DbCommand (1ms) [Parameters=[], CommandType='Text', CommandTimeout='30']
SELECT 1
2023-03-12 14:39:31.6511|INFO|Microsoft.EntityFrameworkCore.Database.Command|Executed DbCommand (14ms) [Parameters=[], CommandType='Text', CommandTimeout='30']
CREATE TABLE [__EFMigrationsHistory] (
    [MigrationId] nvarchar(150) NOT NULL,
    [ProductVersion] nvarchar(32) NOT NULL,
    CONSTRAINT [PK___EFMigrationsHistory] PRIMARY KEY ([MigrationId])
);
2023-03-12 14:39:31.6511|INFO|Microsoft.EntityFrameworkCore.Database.Command|Executed DbCommand (1ms) [Parameters=[], CommandType='Text', CommandTimeout='30']
SELECT 1
2023-03-12 14:39:31.7184|INFO|Microsoft.EntityFrameworkCore.Database.Command|Executed DbCommand (46ms) [Parameters=[], CommandType='Text', CommandTimeout='30']
SELECT OBJECT_ID(N'[__EFMigrationsHistory]');
2023-03-12 14:39:31.7392|INFO|Microsoft.EntityFrameworkCore.Database.Command|Executed DbCommand (9ms) [Parameters=[], CommandType='Text', CommandTimeout='30']
SELECT [MigrationId], [ProductVersion]
FROM [__EFMigrationsHistory]
ORDER BY [MigrationId];
2023-03-12 14:39:31.7941|INFO|Microsoft.EntityFrameworkCore.Migrations|Applying migration '20230312122859_Initial Migration'.
2023-03-12 14:39:31.9487|INFO|Microsoft.EntityFrameworkCore.Database.Command|Executed DbCommand (6ms) [Parameters=[], CommandType='Text', CommandTimeout='30']
CREATE TABLE [Users] (
    [Id] int NOT NULL IDENTITY,
    [Username] nvarchar(max) NOT NULL,
    [Email] nvarchar(max) NOT NULL,
    [Password] nvarchar(max) NOT NULL,
    [IsAdmin] bit NOT NULL,
    CONSTRAINT [PK_Users] PRIMARY KEY ([Id])
);
2023-03-12 14:39:32.0029|INFO|Microsoft.EntityFrameworkCore.Database.Command|Executed DbCommand (50ms) [Parameters=[], CommandType='Text', CommandTimeout='30']
IF EXISTS (SELECT * FROM [sys].[identity_columns] WHERE [name] IN (N'Id', N'Email', N'IsAdmin', N'Password', N'Username') AND [object_id] = OBJECT_ID(N'[Users]'))
    SET IDENTITY_INSERT [Users] ON;
INSERT INTO [Users] ([Id], [Email], [IsAdmin], [Password], [Username])
VALUES (1, N'deeagabor@gmail.com', CAST(1 AS bit), N'ef797c8118f02dfb649607dd5d3f8c7623048c9c063d532cc95c5ed7a898a64f', N'deeagabor'),
(2, N'wolflorena@gmail.com', CAST(1 AS bit), N'ef797c8118f02dfb649607dd5d3f8c7623048c9c063d532cc95c5ed7a898a64f', N'wolflorena'),
(3, N'testunu@gmail.com', CAST(0 AS bit), N'ef797c8118f02dfb649607dd5d3f8c7623048c9c063d532cc95c5ed7a898a64f', N'test1'),
(4, N'testdoi@gmail.com', CAST(0 AS bit), N'ef797c8118f02dfb649607dd5d3f8c7623048c9c063d532cc95c5ed7a898a64f', N'test2');
IF EXISTS (SELECT * FROM [sys].[identity_columns] WHERE [name] IN (N'Id', N'Email', N'IsAdmin', N'Password', N'Username') AND [object_id] = OBJECT_ID(N'[Users]'))
    SET IDENTITY_INSERT [Users] OFF;
2023-03-12 14:39:32.0029|INFO|Microsoft.EntityFrameworkCore.Database.Command|Executed DbCommand (2ms) [Parameters=[], CommandType='Text', CommandTimeout='30']
INSERT INTO [__EFMigrationsHistory] ([MigrationId], [ProductVersion])
VALUES (N'20230312122859_Initial Migration', N'7.0.3');
2023-03-12 14:39:32.3708|INFO|Microsoft.AspNetCore.DataProtection.KeyManagement.XmlKeyManager|User profile is available. Using 'C:\Users\Andreea\AppData\Local\ASP.NET\DataProtection-Keys' as key repository and Windows DPAPI to encrypt keys at rest.
2023-03-12 14:39:34.1640|INFO|Microsoft.AspNetCore.Hosting.Diagnostics|Request starting HTTP/2 GET https://localhost:7053/ - -
2023-03-12 14:39:34.3489|INFO|Microsoft.AspNetCore.Hosting.Diagnostics|Request finished HTTP/2 GET https://localhost:7053/ - - - 404 0 - 191.6935ms
2023-03-12 14:40:28.0691|INFO|Microsoft.AspNetCore.Hosting.Diagnostics|Request starting HTTP/1.1 GET https://localhost:7053/api/users - -
2023-03-12 14:40:28.0750|INFO|Microsoft.AspNetCore.Routing.EndpointMiddleware|Executing endpoint 'Nite.API.Controllers.UsersController.GetUsers (Nite.API)'
2023-03-12 14:40:28.1068|INFO|Microsoft.AspNetCore.Mvc.Infrastructure.ControllerActionInvoker|Route matched with {action = "GetUsers", controller = "Users"}. Executing controller action with signature Microsoft.AspNetCore.Mvc.IActionResult GetUsers() on controller Nite.API.Controllers.UsersController (Nite.API).
2023-03-12 14:40:28.9254|INFO|Microsoft.EntityFrameworkCore.Database.Command|Executed DbCommand (4ms) [Parameters=[], CommandType='Text', CommandTimeout='30']
SELECT [u].[Id], [u].[Email], [u].[IsAdmin], [u].[Password], [u].[Username]
FROM [Users] AS [u]
2023-03-12 14:40:29.0632|INFO|Microsoft.AspNetCore.Mvc.Infrastructure.ObjectResultExecutor|Executing OkObjectResult, writing value of type 'System.Collections.Generic.List`1[[Nite.API.Data.Models.UserDTO, Nite.API, Version=1.0.0.0, Culture=neutral, PublicKeyToken=null]]'.
2023-03-12 14:40:29.3089|INFO|Microsoft.AspNetCore.Mvc.Infrastructure.ControllerActionInvoker|Executed action Nite.API.Controllers.UsersController.GetUsers (Nite.API) in 1194.4848ms
2023-03-12 14:40:29.3089|INFO|Microsoft.AspNetCore.Routing.EndpointMiddleware|Executed endpoint 'Nite.API.Controllers.UsersController.GetUsers (Nite.API)'
2023-03-12 14:40:29.3309|INFO|Microsoft.AspNetCore.Hosting.Diagnostics|Request finished HTTP/1.1 GET https://localhost:7053/api/users - - - 200 613 application/json;+charset=utf-8 1261.9243ms
2023-03-12 14:40:36.8640|INFO|Microsoft.AspNetCore.Hosting.Diagnostics|Request starting HTTP/1.1 GET https://localhost:7053/api/users/2 - -
2023-03-12 14:40:36.8640|INFO|Microsoft.AspNetCore.Routing.EndpointMiddleware|Executing endpoint 'Nite.API.Controllers.UsersController.GetUser (Nite.API)'
2023-03-12 14:40:36.8867|INFO|Microsoft.AspNetCore.Mvc.Infrastructure.ControllerActionInvoker|Route matched with {action = "GetUser", controller = "Users"}. Executing controller action with signature Microsoft.AspNetCore.Mvc.IActionResult GetUser(Int32) on controller Nite.API.Controllers.UsersController (Nite.API).
2023-03-12 14:40:37.4503|INFO|Microsoft.EntityFrameworkCore.Database.Command|Executed DbCommand (133ms) [Parameters=[@__userId_0='?' (DbType = Int32)], CommandType='Text', CommandTimeout='30']
SELECT TOP(1) [u].[Id], [u].[Email], [u].[IsAdmin], [u].[Password], [u].[Username]
FROM [Users] AS [u]
WHERE [u].[Id] = @__userId_0
2023-03-12 14:40:37.4503|INFO|Microsoft.AspNetCore.Mvc.Infrastructure.ObjectResultExecutor|Executing OkObjectResult, writing value of type 'Nite.API.Data.Models.UserDTO'.
2023-03-12 14:40:37.4503|INFO|Microsoft.AspNetCore.Mvc.Infrastructure.ControllerActionInvoker|Executed action Nite.API.Controllers.UsersController.GetUser (Nite.API) in 568.9819ms
2023-03-12 14:40:37.4503|INFO|Microsoft.AspNetCore.Routing.EndpointMiddleware|Executed endpoint 'Nite.API.Controllers.UsersController.GetUser (Nite.API)'
2023-03-12 14:40:37.4503|INFO|Microsoft.AspNetCore.Hosting.Diagnostics|Request finished HTTP/1.1 GET https://localhost:7053/api/users/2 - - - 200 156 application/json;+charset=utf-8 591.9350ms
2023-03-12 14:41:31.5701|INFO|Microsoft.AspNetCore.Hosting.Diagnostics|Request starting HTTP/1.1 POST https://localhost:7053/api/users text/plain 167
2023-03-12 14:41:31.5701|INFO|Microsoft.AspNetCore.Routing.EndpointMiddleware|Executing endpoint 'Nite.API.Controllers.UsersController.CreateUser (Nite.API)'
2023-03-12 14:41:31.5726|INFO|Microsoft.AspNetCore.Mvc.Infrastructure.ControllerActionInvoker|Route matched with {action = "CreateUser", controller = "Users"}. Executing controller action with signature Microsoft.AspNetCore.Mvc.IActionResult CreateUser(Nite.API.Data.Models.UserCreationDTO) on controller Nite.API.Controllers.UsersController (Nite.API).
2023-03-12 14:41:31.5974|INFO|Microsoft.AspNetCore.Mvc.Infrastructure.ObjectResultExecutor|Executing ObjectResult, writing value of type 'Microsoft.AspNetCore.Mvc.ProblemDetails'.
2023-03-12 14:41:31.6284|INFO|Microsoft.AspNetCore.Mvc.Infrastructure.ControllerActionInvoker|Executed action Nite.API.Controllers.UsersController.CreateUser (Nite.API) in 55.7214ms
2023-03-12 14:41:31.6284|INFO|Microsoft.AspNetCore.Routing.EndpointMiddleware|Executed endpoint 'Nite.API.Controllers.UsersController.CreateUser (Nite.API)'
2023-03-12 14:41:31.6284|INFO|Microsoft.AspNetCore.Hosting.Diagnostics|Request finished HTTP/1.1 POST https://localhost:7053/api/users text/plain 167 - 415 175 application/problem+json;+charset=utf-8 58.5028ms
2023-03-12 14:42:14.1166|INFO|Microsoft.AspNetCore.Hosting.Diagnostics|Request starting HTTP/1.1 POST https://localhost:7053/api/users application/json 167
2023-03-12 14:42:14.1182|INFO|Microsoft.AspNetCore.Routing.EndpointMiddleware|Executing endpoint 'Nite.API.Controllers.UsersController.CreateUser (Nite.API)'
2023-03-12 14:42:14.1182|INFO|Microsoft.AspNetCore.Mvc.Infrastructure.ControllerActionInvoker|Route matched with {action = "CreateUser", controller = "Users"}. Executing controller action with signature Microsoft.AspNetCore.Mvc.IActionResult CreateUser(Nite.API.Data.Models.UserCreationDTO) on controller Nite.API.Controllers.UsersController (Nite.API).
2023-03-12 14:42:14.4164|INFO|Microsoft.EntityFrameworkCore.Database.Command|Executed DbCommand (7ms) [Parameters=[@p0='?' (Size = 4000), @p1='?' (DbType = Boolean), @p2='?' (Size = 4000), @p3='?' (Size = 4000)], CommandType='Text', CommandTimeout='30']
SET IMPLICIT_TRANSACTIONS OFF;
SET NOCOUNT ON;
INSERT INTO [Users] ([Email], [IsAdmin], [Password], [Username])
OUTPUT INSERTED.[Id]
VALUES (@p0, @p1, @p2, @p3);
2023-03-12 14:42:14.4592|INFO|Microsoft.AspNetCore.Mvc.Infrastructure.ObjectResultExecutor|Executing CreatedAtRouteResult, writing value of type 'Nite.API.Data.Models.UserDTO'.
2023-03-12 14:42:14.4989|INFO|Microsoft.AspNetCore.Mvc.Infrastructure.ControllerActionInvoker|Executed action Nite.API.Controllers.UsersController.CreateUser (Nite.API) in 380.3258ms
2023-03-12 14:42:14.4989|INFO|Microsoft.AspNetCore.Routing.EndpointMiddleware|Executed endpoint 'Nite.API.Controllers.UsersController.CreateUser (Nite.API)'
2023-03-12 14:42:14.4989|INFO|Microsoft.AspNetCore.Hosting.Diagnostics|Request finished HTTP/1.1 POST https://localhost:7053/api/users application/json 167 - 201 144 application/json;+charset=utf-8 382.4391ms
2023-03-12 14:42:30.0717|INFO|Microsoft.AspNetCore.Hosting.Diagnostics|Request starting HTTP/1.1 POST https://localhost:7053/api/login application/json 167
2023-03-12 14:42:30.0717|INFO|Microsoft.AspNetCore.Routing.EndpointMiddleware|Executing endpoint 'Nite.API.Controllers.LoginController.Login (Nite.API)'
2023-03-12 14:42:30.0717|INFO|Microsoft.AspNetCore.Mvc.Infrastructure.ControllerActionInvoker|Route matched with {action = "Login", controller = "Login"}. Executing controller action with signature Microsoft.AspNetCore.Mvc.IActionResult Login(Nite.API.Data.Models.LoginDTO) on controller Nite.API.Controllers.LoginController (Nite.API).
2023-03-12 14:42:30.0717|INFO|Microsoft.EntityFrameworkCore.Database.Command|Executed DbCommand (1ms) [Parameters=[], CommandType='Text', CommandTimeout='30']
SELECT [u].[Id], [u].[Email], [u].[IsAdmin], [u].[Password], [u].[Username]
FROM [Users] AS [u]
2023-03-12 14:42:30.0717|INFO|Microsoft.AspNetCore.Mvc.Infrastructure.ObjectResultExecutor|Executing OkObjectResult, writing value of type 'Nite.API.Data.Models.UserDTO'.
2023-03-12 14:42:30.0717|INFO|Microsoft.AspNetCore.Mvc.Infrastructure.ControllerActionInvoker|Executed action Nite.API.Controllers.LoginController.Login (Nite.API) in 9.5818ms
2023-03-12 14:42:30.0717|INFO|Microsoft.AspNetCore.Routing.EndpointMiddleware|Executed endpoint 'Nite.API.Controllers.LoginController.Login (Nite.API)'
2023-03-12 14:42:30.0717|INFO|Microsoft.AspNetCore.Hosting.Diagnostics|Request finished HTTP/1.1 POST https://localhost:7053/api/login application/json 167 - 200 144 application/json;+charset=utf-8 10.8845ms
2023-03-12 14:42:46.9912|INFO|Microsoft.AspNetCore.Hosting.Diagnostics|Request starting HTTP/1.1 POST https://localhost:7053/api/login application/json 177
2023-03-12 14:42:46.9912|INFO|Microsoft.AspNetCore.Routing.EndpointMiddleware|Executing endpoint 'Nite.API.Controllers.LoginController.Login (Nite.API)'
2023-03-12 14:42:46.9912|INFO|Microsoft.AspNetCore.Mvc.Infrastructure.ControllerActionInvoker|Route matched with {action = "Login", controller = "Login"}. Executing controller action with signature Microsoft.AspNetCore.Mvc.IActionResult Login(Nite.API.Data.Models.LoginDTO) on controller Nite.API.Controllers.LoginController (Nite.API).
2023-03-12 14:42:47.0069|INFO|Microsoft.EntityFrameworkCore.Database.Command|Executed DbCommand (10ms) [Parameters=[], CommandType='Text', CommandTimeout='30']
SELECT [u].[Id], [u].[Email], [u].[IsAdmin], [u].[Password], [u].[Username]
FROM [Users] AS [u]
2023-03-12 14:42:47.0069|INFO|Microsoft.AspNetCore.Mvc.Infrastructure.ObjectResultExecutor|Executing OkObjectResult, writing value of type 'Nite.API.Data.Models.UserDTO'.
2023-03-12 14:42:47.0069|INFO|Microsoft.AspNetCore.Mvc.Infrastructure.ControllerActionInvoker|Executed action Nite.API.Controllers.LoginController.Login (Nite.API) in 16.7307ms
2023-03-12 14:42:47.0069|INFO|Microsoft.AspNetCore.Routing.EndpointMiddleware|Executed endpoint 'Nite.API.Controllers.LoginController.Login (Nite.API)'
2023-03-12 14:42:47.0069|INFO|Microsoft.AspNetCore.Hosting.Diagnostics|Request finished HTTP/1.1 POST https://localhost:7053/api/login application/json 177 - 200 154 application/json;+charset=utf-8 17.2068ms
2023-03-12 20:31:26.4615|INFO|Nite.API.Program|Initializing application...
2023-03-12 20:31:45.2160|INFO|Microsoft.EntityFrameworkCore.Database.Command|Executed DbCommand (81ms) [Parameters=[], CommandType='Text', CommandTimeout='30']
SELECT 1
2023-03-12 20:31:45.5124|INFO|Microsoft.EntityFrameworkCore.Database.Command|Executed DbCommand (91ms) [Parameters=[], CommandType='Text', CommandTimeout='60']
IF SERVERPROPERTY('EngineEdition') <> 5
BEGIN
    ALTER DATABASE [NiteDB] SET SINGLE_USER WITH ROLLBACK IMMEDIATE;
END;
2023-03-12 20:31:45.5526|INFO|Microsoft.EntityFrameworkCore.Database.Command|Executed DbCommand (36ms) [Parameters=[], CommandType='Text', CommandTimeout='60']
DROP DATABASE [NiteDB];
2023-03-12 20:31:45.8375|INFO|Microsoft.EntityFrameworkCore.Database.Command|Executed DbCommand (205ms) [Parameters=[], CommandType='Text', CommandTimeout='60']
CREATE DATABASE [NiteDB];
2023-03-12 20:31:45.9131|INFO|Microsoft.EntityFrameworkCore.Database.Command|Executed DbCommand (73ms) [Parameters=[], CommandType='Text', CommandTimeout='60']
IF SERVERPROPERTY('EngineEdition') <> 5
BEGIN
    ALTER DATABASE [NiteDB] SET READ_COMMITTED_SNAPSHOT ON;
END;
2023-03-12 20:31:45.9241|INFO|Microsoft.EntityFrameworkCore.Database.Command|Executed DbCommand (1ms) [Parameters=[], CommandType='Text', CommandTimeout='30']
SELECT 1
2023-03-12 20:31:46.1345|INFO|Microsoft.EntityFrameworkCore.Database.Command|Executed DbCommand (7ms) [Parameters=[], CommandType='Text', CommandTimeout='30']
CREATE TABLE [__EFMigrationsHistory] (
    [MigrationId] nvarchar(150) NOT NULL,
    [ProductVersion] nvarchar(32) NOT NULL,
    CONSTRAINT [PK___EFMigrationsHistory] PRIMARY KEY ([MigrationId])
);
2023-03-12 20:31:46.1345|INFO|Microsoft.EntityFrameworkCore.Database.Command|Executed DbCommand (0ms) [Parameters=[], CommandType='Text', CommandTimeout='30']
SELECT 1
2023-03-12 20:31:46.2184|INFO|Microsoft.EntityFrameworkCore.Database.Command|Executed DbCommand (59ms) [Parameters=[], CommandType='Text', CommandTimeout='30']
SELECT OBJECT_ID(N'[__EFMigrationsHistory]');
2023-03-12 20:31:46.2361|INFO|Microsoft.EntityFrameworkCore.Database.Command|Executed DbCommand (7ms) [Parameters=[], CommandType='Text', CommandTimeout='30']
SELECT [MigrationId], [ProductVersion]
FROM [__EFMigrationsHistory]
ORDER BY [MigrationId];
2023-03-12 20:31:46.2879|INFO|Microsoft.EntityFrameworkCore.Migrations|Applying migration '20230312122859_Initial Migration'.
2023-03-12 20:31:46.4194|INFO|Microsoft.EntityFrameworkCore.Database.Command|Executed DbCommand (5ms) [Parameters=[], CommandType='Text', CommandTimeout='30']
CREATE TABLE [Users] (
    [Id] int NOT NULL IDENTITY,
    [Username] nvarchar(max) NOT NULL,
    [Email] nvarchar(max) NOT NULL,
    [Password] nvarchar(max) NOT NULL,
    [IsAdmin] bit NOT NULL,
    CONSTRAINT [PK_Users] PRIMARY KEY ([Id])
);
2023-03-12 20:31:46.4740|INFO|Microsoft.EntityFrameworkCore.Database.Command|Executed DbCommand (51ms) [Parameters=[], CommandType='Text', CommandTimeout='30']
IF EXISTS (SELECT * FROM [sys].[identity_columns] WHERE [name] IN (N'Id', N'Email', N'IsAdmin', N'Password', N'Username') AND [object_id] = OBJECT_ID(N'[Users]'))
    SET IDENTITY_INSERT [Users] ON;
INSERT INTO [Users] ([Id], [Email], [IsAdmin], [Password], [Username])
VALUES (1, N'deeagabor@gmail.com', CAST(1 AS bit), N'ef797c8118f02dfb649607dd5d3f8c7623048c9c063d532cc95c5ed7a898a64f', N'deeagabor'),
(2, N'wolflorena@gmail.com', CAST(1 AS bit), N'ef797c8118f02dfb649607dd5d3f8c7623048c9c063d532cc95c5ed7a898a64f', N'wolflorena'),
(3, N'testunu@gmail.com', CAST(0 AS bit), N'ef797c8118f02dfb649607dd5d3f8c7623048c9c063d532cc95c5ed7a898a64f', N'test1'),
(4, N'testdoi@gmail.com', CAST(0 AS bit), N'ef797c8118f02dfb649607dd5d3f8c7623048c9c063d532cc95c5ed7a898a64f', N'test2');
IF EXISTS (SELECT * FROM [sys].[identity_columns] WHERE [name] IN (N'Id', N'Email', N'IsAdmin', N'Password', N'Username') AND [object_id] = OBJECT_ID(N'[Users]'))
    SET IDENTITY_INSERT [Users] OFF;
2023-03-12 20:31:46.4783|INFO|Microsoft.EntityFrameworkCore.Database.Command|Executed DbCommand (2ms) [Parameters=[], CommandType='Text', CommandTimeout='30']
INSERT INTO [__EFMigrationsHistory] ([MigrationId], [ProductVersion])
VALUES (N'20230312122859_Initial Migration', N'7.0.3');
2023-03-12 20:31:47.0943|INFO|Microsoft.AspNetCore.DataProtection.KeyManagement.XmlKeyManager|User profile is available. Using 'C:\Users\Andreea\AppData\Local\ASP.NET\DataProtection-Keys' as key repository and Windows DPAPI to encrypt keys at rest.
2023-03-12 20:31:49.2978|INFO|Microsoft.AspNetCore.Hosting.Diagnostics|Request starting HTTP/2 GET https://localhost:7053/ - -
2023-03-12 20:31:49.5273|INFO|Microsoft.AspNetCore.Hosting.Diagnostics|Request finished HTTP/2 GET https://localhost:7053/ - - - 404 0 - 238.3428ms
2023-03-12 20:41:34.8161|INFO|Microsoft.AspNetCore.Hosting.Diagnostics|Request starting HTTP/2 OPTIONS https://localhost:7053/api/users - -
2023-03-12 20:41:34.8562|INFO|Microsoft.AspNetCore.Cors.Infrastructure.CorsService|CORS policy execution successful.
2023-03-12 20:41:34.8684|INFO|Microsoft.AspNetCore.Hosting.Diagnostics|Request finished HTTP/2 OPTIONS https://localhost:7053/api/users - - - 204 - - 52.9492ms
2023-03-12 20:41:34.8684|INFO|Microsoft.AspNetCore.Hosting.Diagnostics|Request starting HTTP/2 POST https://localhost:7053/api/users application/json;charset=UTF-8 116
2023-03-12 20:41:34.8684|INFO|Microsoft.AspNetCore.Cors.Infrastructure.CorsService|CORS policy execution successful.
2023-03-12 20:41:34.8861|INFO|Microsoft.AspNetCore.Routing.EndpointMiddleware|Executing endpoint 'Nite.API.Controllers.UsersController.CreateUser (Nite.API)'
2023-03-12 20:41:34.9687|INFO|Microsoft.AspNetCore.Mvc.Infrastructure.ControllerActionInvoker|Route matched with {action = "CreateUser", controller = "Users"}. Executing controller action with signature Microsoft.AspNetCore.Mvc.IActionResult CreateUser(Nite.API.Data.Models.UserCreationDTO) on controller Nite.API.Controllers.UsersController (Nite.API).
2023-03-12 20:41:36.5726|INFO|Microsoft.EntityFrameworkCore.Database.Command|Executed DbCommand (252ms) [Parameters=[@p0='?' (Size = 4000), @p1='?' (DbType = Boolean), @p2='?' (Size = 4000), @p3='?' (Size = 4000)], CommandType='Text', CommandTimeout='30']
SET IMPLICIT_TRANSACTIONS OFF;
SET NOCOUNT ON;
INSERT INTO [Users] ([Email], [IsAdmin], [Password], [Username])
OUTPUT INSERTED.[Id]
VALUES (@p0, @p1, @p2, @p3);
2023-03-12 20:41:36.6453|INFO|Microsoft.AspNetCore.Mvc.Infrastructure.ObjectResultExecutor|Executing CreatedAtRouteResult, writing value of type 'Nite.API.Data.Models.UserDTO'.
2023-03-12 20:41:36.8097|INFO|Microsoft.AspNetCore.Mvc.Infrastructure.ControllerActionInvoker|Executed action Nite.API.Controllers.UsersController.CreateUser (Nite.API) in 1830.0358ms
2023-03-12 20:41:36.8097|INFO|Microsoft.AspNetCore.Routing.EndpointMiddleware|Executed endpoint 'Nite.API.Controllers.UsersController.CreateUser (Nite.API)'
2023-03-12 20:41:36.8425|INFO|Microsoft.AspNetCore.Hosting.Diagnostics|Request finished HTTP/2 POST https://localhost:7053/api/users application/json;charset=UTF-8 116 - 201 139 application/json;+charset=utf-8 1964.0379ms
2023-03-12 20:51:59.2910|INFO|Microsoft.AspNetCore.Hosting.Diagnostics|Request starting HTTP/1.1 GET https://localhost:7053/api/users application/json 177
2023-03-12 20:51:59.2910|INFO|Microsoft.AspNetCore.Routing.EndpointMiddleware|Executing endpoint 'Nite.API.Controllers.UsersController.GetUsers (Nite.API)'
2023-03-12 20:51:59.2910|INFO|Microsoft.AspNetCore.Mvc.Infrastructure.ControllerActionInvoker|Route matched with {action = "GetUsers", controller = "Users"}. Executing controller action with signature Microsoft.AspNetCore.Mvc.IActionResult GetUsers() on controller Nite.API.Controllers.UsersController (Nite.API).
2023-03-12 20:52:02.4228|INFO|Microsoft.EntityFrameworkCore.Database.Command|Executed DbCommand (7ms) [Parameters=[], CommandType='Text', CommandTimeout='30']
SELECT [u].[Id], [u].[Email], [u].[IsAdmin], [u].[Password], [u].[Username]
FROM [Users] AS [u]
2023-03-12 20:52:02.4841|INFO|Microsoft.AspNetCore.Mvc.Infrastructure.ObjectResultExecutor|Executing OkObjectResult, writing value of type 'System.Collections.Generic.List`1[[Nite.API.Data.Models.UserDTO, Nite.API, Version=1.0.0.0, Culture=neutral, PublicKeyToken=null]]'.
2023-03-12 20:52:02.5117|INFO|Microsoft.AspNetCore.Mvc.Infrastructure.ControllerActionInvoker|Executed action Nite.API.Controllers.UsersController.GetUsers (Nite.API) in 3213.9222ms
2023-03-12 20:52:02.5117|INFO|Microsoft.AspNetCore.Routing.EndpointMiddleware|Executed endpoint 'Nite.API.Controllers.UsersController.GetUsers (Nite.API)'
2023-03-12 20:52:02.5117|INFO|Microsoft.AspNetCore.Hosting.Diagnostics|Request finished HTTP/1.1 GET https://localhost:7053/api/users application/json 177 - 200 753 application/json;+charset=utf-8 3221.0459ms
