2023-04-25 16:35:54.8232|INFO|Nite.API.Program|Initializing application...
2023-04-25 16:36:06.9729|INFO|Microsoft.EntityFrameworkCore.Database.Command|Executed DbCommand (86ms) [Parameters=[], CommandType='Text', CommandTimeout='30']
SELECT 1
2023-04-25 16:36:07.1120|INFO|Microsoft.EntityFrameworkCore.Database.Command|Executed DbCommand (78ms) [Parameters=[], CommandType='Text', CommandTimeout='30']
SELECT OBJECT_ID(N'[__EFMigrationsHistory]');
2023-04-25 16:36:07.1240|INFO|Microsoft.EntityFrameworkCore.Database.Command|Executed DbCommand (6ms) [Parameters=[], CommandType='Text', CommandTimeout='30']
SELECT 1
2023-04-25 16:36:07.1240|INFO|Microsoft.EntityFrameworkCore.Database.Command|Executed DbCommand (3ms) [Parameters=[], CommandType='Text', CommandTimeout='30']
SELECT OBJECT_ID(N'[__EFMigrationsHistory]');
2023-04-25 16:36:07.2185|INFO|Microsoft.EntityFrameworkCore.Database.Command|Executed DbCommand (31ms) [Parameters=[], CommandType='Text', CommandTimeout='30']
SELECT [MigrationId], [ProductVersion]
FROM [__EFMigrationsHistory]
ORDER BY [MigrationId];
2023-04-25 16:36:07.2690|INFO|Microsoft.EntityFrameworkCore.Migrations|No migrations were applied. The database is already up to date.
2023-04-25 16:36:07.8119|INFO|Microsoft.AspNetCore.DataProtection.KeyManagement.XmlKeyManager|User profile is available. Using 'C:\Users\Andreea\AppData\Local\ASP.NET\DataProtection-Keys' as key repository and Windows DPAPI to encrypt keys at rest.
2023-04-25 16:36:09.8467|INFO|Microsoft.AspNetCore.Hosting.Diagnostics|Request starting HTTP/2 GET https://localhost:7053/ - -
2023-04-25 16:36:10.0647|INFO|Microsoft.AspNetCore.Hosting.Diagnostics|Request finished HTTP/2 GET https://localhost:7053/ - - - 404 0 - 224.2926ms
2023-04-25 16:38:47.8378|INFO|Microsoft.AspNetCore.Hosting.Diagnostics|Request starting HTTP/2 OPTIONS https://localhost:7053/api/login - -
2023-04-25 16:38:47.8429|INFO|Microsoft.AspNetCore.Cors.Infrastructure.CorsService|CORS policy execution successful.
2023-04-25 16:38:47.8429|INFO|Microsoft.AspNetCore.Hosting.Diagnostics|Request finished HTTP/2 OPTIONS https://localhost:7053/api/login - - - 204 - - 8.7242ms
2023-04-25 16:38:47.8429|INFO|Microsoft.AspNetCore.Hosting.Diagnostics|Request starting HTTP/2 POST https://localhost:7053/api/login application/json;+charset=UTF-8 102
2023-04-25 16:38:47.8429|INFO|Microsoft.AspNetCore.Cors.Infrastructure.CorsService|CORS policy execution successful.
2023-04-25 16:38:47.8429|INFO|Microsoft.AspNetCore.Routing.EndpointMiddleware|Executing endpoint 'Nite.API.Controllers.LoginController.Login (Nite.API)'
2023-04-25 16:38:47.9112|INFO|Microsoft.AspNetCore.Mvc.Infrastructure.ControllerActionInvoker|Route matched with {action = "Login", controller = "Login"}. Executing controller action with signature Microsoft.AspNetCore.Mvc.IActionResult Login(Nite.API.Data.Models.LoginDTO) on controller Nite.API.Controllers.LoginController (Nite.API).
2023-04-25 16:38:49.0735|INFO|Microsoft.EntityFrameworkCore.Database.Command|Executed DbCommand (10ms) [Parameters=[], CommandType='Text', CommandTimeout='30']
SELECT [u].[Id], [u].[Email], [u].[IsAdmin], [u].[Password], [u].[Username]
FROM [Users] AS [u]
2023-04-25 16:38:49.1942|INFO|Microsoft.AspNetCore.Mvc.Infrastructure.ObjectResultExecutor|Executing OkObjectResult, writing value of type 'Nite.API.Data.Models.UserDTO'.
2023-04-25 16:38:49.2812|INFO|Microsoft.AspNetCore.Mvc.Infrastructure.ControllerActionInvoker|Executed action Nite.API.Controllers.LoginController.Login (Nite.API) in 1362.7961ms
2023-04-25 16:38:49.2812|INFO|Microsoft.AspNetCore.Routing.EndpointMiddleware|Executed endpoint 'Nite.API.Controllers.LoginController.Login (Nite.API)'
2023-04-25 16:38:49.3005|INFO|Microsoft.AspNetCore.Hosting.Diagnostics|Request finished HTTP/2 POST https://localhost:7053/api/login application/json;+charset=UTF-8 102 - 200 154 application/json;+charset=utf-8 1447.4304ms
2023-04-25 16:38:49.7845|INFO|Microsoft.AspNetCore.Hosting.Diagnostics|Request starting HTTP/2 GET https://localhost:7053/api/users - -
2023-04-25 16:38:49.7845|INFO|Microsoft.AspNetCore.Cors.Infrastructure.CorsService|CORS policy execution successful.
2023-04-25 16:38:49.7845|INFO|Microsoft.AspNetCore.Routing.EndpointMiddleware|Executing endpoint 'Nite.API.Controllers.UsersController.GetUsers (Nite.API)'
2023-04-25 16:38:49.7845|INFO|Microsoft.AspNetCore.Mvc.Infrastructure.ControllerActionInvoker|Route matched with {action = "GetUsers", controller = "Users"}. Executing controller action with signature Microsoft.AspNetCore.Mvc.IActionResult GetUsers() on controller Nite.API.Controllers.UsersController (Nite.API).
2023-04-25 16:38:49.8999|INFO|Microsoft.EntityFrameworkCore.Database.Command|Executed DbCommand (3ms) [Parameters=[], CommandType='Text', CommandTimeout='30']
SELECT [u].[Id], [u].[Email], [u].[IsAdmin], [u].[Password], [u].[Username]
FROM [Users] AS [u]
2023-04-25 16:38:49.9326|INFO|Microsoft.AspNetCore.Mvc.Infrastructure.ObjectResultExecutor|Executing OkObjectResult, writing value of type 'System.Collections.Generic.List`1[[Nite.API.Data.Models.UserDTO, Nite.API, Version=1.0.0.0, Culture=neutral, PublicKeyToken=null]]'.
2023-04-25 16:38:49.9492|INFO|Microsoft.AspNetCore.Mvc.Infrastructure.ControllerActionInvoker|Executed action Nite.API.Controllers.UsersController.GetUsers (Nite.API) in 160.523ms
2023-04-25 16:38:49.9492|INFO|Microsoft.AspNetCore.Routing.EndpointMiddleware|Executed endpoint 'Nite.API.Controllers.UsersController.GetUsers (Nite.API)'
2023-04-25 16:38:49.9492|INFO|Microsoft.AspNetCore.Hosting.Diagnostics|Request finished HTTP/2 GET https://localhost:7053/api/users - - - 200 613 application/json;+charset=utf-8 164.9996ms
2023-04-25 16:38:53.2556|INFO|Microsoft.AspNetCore.Hosting.Diagnostics|Request starting HTTP/2 GET https://localhost:7053/api/shows - -
2023-04-25 16:38:53.2556|INFO|Microsoft.AspNetCore.Cors.Infrastructure.CorsService|CORS policy execution successful.
2023-04-25 16:38:53.2556|INFO|Microsoft.AspNetCore.Routing.EndpointMiddleware|Executing endpoint 'Nite.API.Controllers.TVShowsController.GetTVShows (Nite.API)'
2023-04-25 16:38:53.2556|INFO|Microsoft.AspNetCore.Mvc.Infrastructure.ControllerActionInvoker|Route matched with {action = "GetTVShows", controller = "TVShows"}. Executing controller action with signature Microsoft.AspNetCore.Mvc.IActionResult GetTVShows() on controller Nite.API.Controllers.TVShowsController (Nite.API).
2023-04-25 16:38:53.2780|INFO|Microsoft.EntityFrameworkCore.Database.Command|Executed DbCommand (6ms) [Parameters=[], CommandType='Text', CommandTimeout='30']
SELECT [t].[Id], [t].[Audience], [t].[Description], [t].[Genre], [t].[Name], [t].[Seasons], [t].[Status], [t].[Year]
FROM [TVShows] AS [t]
2023-04-25 16:38:53.3058|INFO|Microsoft.AspNetCore.Mvc.Infrastructure.ObjectResultExecutor|Executing OkObjectResult, writing value of type 'System.Collections.Generic.List`1[[Nite.API.Data.Models.TVShowDTO, Nite.API, Version=1.0.0.0, Culture=neutral, PublicKeyToken=null]]'.
2023-04-25 16:38:53.3123|INFO|Microsoft.AspNetCore.Mvc.Infrastructure.ControllerActionInvoker|Executed action Nite.API.Controllers.TVShowsController.GetTVShows (Nite.API) in 54.3973ms
2023-04-25 16:38:53.3123|INFO|Microsoft.AspNetCore.Routing.EndpointMiddleware|Executed endpoint 'Nite.API.Controllers.TVShowsController.GetTVShows (Nite.API)'
2023-04-25 16:38:53.3123|INFO|Microsoft.AspNetCore.Hosting.Diagnostics|Request finished HTTP/2 GET https://localhost:7053/api/shows - - - 200 3040 application/json;+charset=utf-8 56.8636ms
2023-04-25 16:39:54.9464|INFO|Microsoft.AspNetCore.Hosting.Diagnostics|Request starting HTTP/2 OPTIONS https://localhost:7053/api/login - -
2023-04-25 16:39:54.9464|INFO|Microsoft.AspNetCore.Cors.Infrastructure.CorsService|CORS policy execution successful.
2023-04-25 16:39:54.9464|INFO|Microsoft.AspNetCore.Hosting.Diagnostics|Request finished HTTP/2 OPTIONS https://localhost:7053/api/login - - - 204 - - 0.3866ms
2023-04-25 16:39:54.9464|INFO|Microsoft.AspNetCore.Hosting.Diagnostics|Request starting HTTP/2 POST https://localhost:7053/api/login application/json;+charset=UTF-8 98
2023-04-25 16:39:54.9464|INFO|Microsoft.AspNetCore.Cors.Infrastructure.CorsService|CORS policy execution successful.
2023-04-25 16:39:54.9464|INFO|Microsoft.AspNetCore.Routing.EndpointMiddleware|Executing endpoint 'Nite.API.Controllers.LoginController.Login (Nite.API)'
2023-04-25 16:39:54.9464|INFO|Microsoft.AspNetCore.Mvc.Infrastructure.ControllerActionInvoker|Route matched with {action = "Login", controller = "Login"}. Executing controller action with signature Microsoft.AspNetCore.Mvc.IActionResult Login(Nite.API.Data.Models.LoginDTO) on controller Nite.API.Controllers.LoginController (Nite.API).
2023-04-25 16:39:54.9616|INFO|Microsoft.EntityFrameworkCore.Database.Command|Executed DbCommand (4ms) [Parameters=[], CommandType='Text', CommandTimeout='30']
SELECT [u].[Id], [u].[Email], [u].[IsAdmin], [u].[Password], [u].[Username]
FROM [Users] AS [u]
2023-04-25 16:39:54.9616|INFO|Microsoft.AspNetCore.Mvc.Infrastructure.ObjectResultExecutor|Executing OkObjectResult, writing value of type 'Nite.API.Data.Models.UserDTO'.
2023-04-25 16:39:54.9616|INFO|Microsoft.AspNetCore.Mvc.Infrastructure.ControllerActionInvoker|Executed action Nite.API.Controllers.LoginController.Login (Nite.API) in 12.7713ms
2023-04-25 16:39:54.9616|INFO|Microsoft.AspNetCore.Routing.EndpointMiddleware|Executed endpoint 'Nite.API.Controllers.LoginController.Login (Nite.API)'
2023-04-25 16:39:54.9616|INFO|Microsoft.AspNetCore.Hosting.Diagnostics|Request finished HTTP/2 POST https://localhost:7053/api/login application/json;+charset=UTF-8 98 - 200 149 application/json;+charset=utf-8 13.5595ms
2023-04-25 16:39:55.3154|INFO|Microsoft.AspNetCore.Hosting.Diagnostics|Request starting HTTP/2 GET https://localhost:7053/api/shows - -
2023-04-25 16:39:55.3154|INFO|Microsoft.AspNetCore.Cors.Infrastructure.CorsService|CORS policy execution successful.
2023-04-25 16:39:55.3154|INFO|Microsoft.AspNetCore.Routing.EndpointMiddleware|Executing endpoint 'Nite.API.Controllers.TVShowsController.GetTVShows (Nite.API)'
2023-04-25 16:39:55.3154|INFO|Microsoft.AspNetCore.Mvc.Infrastructure.ControllerActionInvoker|Route matched with {action = "GetTVShows", controller = "TVShows"}. Executing controller action with signature Microsoft.AspNetCore.Mvc.IActionResult GetTVShows() on controller Nite.API.Controllers.TVShowsController (Nite.API).
2023-04-25 16:39:55.3154|INFO|Microsoft.EntityFrameworkCore.Database.Command|Executed DbCommand (4ms) [Parameters=[], CommandType='Text', CommandTimeout='30']
SELECT [t].[Id], [t].[Audience], [t].[Description], [t].[Genre], [t].[Name], [t].[Seasons], [t].[Status], [t].[Year]
FROM [TVShows] AS [t]
2023-04-25 16:39:55.3154|INFO|Microsoft.AspNetCore.Mvc.Infrastructure.ObjectResultExecutor|Executing OkObjectResult, writing value of type 'System.Collections.Generic.List`1[[Nite.API.Data.Models.TVShowDTO, Nite.API, Version=1.0.0.0, Culture=neutral, PublicKeyToken=null]]'.
2023-04-25 16:39:55.3154|INFO|Microsoft.AspNetCore.Mvc.Infrastructure.ControllerActionInvoker|Executed action Nite.API.Controllers.TVShowsController.GetTVShows (Nite.API) in 9.7341ms
2023-04-25 16:39:55.3154|INFO|Microsoft.AspNetCore.Routing.EndpointMiddleware|Executed endpoint 'Nite.API.Controllers.TVShowsController.GetTVShows (Nite.API)'
2023-04-25 16:39:55.3257|INFO|Microsoft.AspNetCore.Hosting.Diagnostics|Request finished HTTP/2 GET https://localhost:7053/api/shows - - - 200 3040 application/json;+charset=utf-8 10.2825ms
2023-04-25 16:40:40.3181|INFO|Microsoft.AspNetCore.Hosting.Diagnostics|Request starting HTTP/2 GET https://localhost:7053/api/shows - -
2023-04-25 16:40:40.3181|INFO|Microsoft.AspNetCore.Cors.Infrastructure.CorsService|CORS policy execution successful.
2023-04-25 16:40:40.3181|INFO|Microsoft.AspNetCore.Routing.EndpointMiddleware|Executing endpoint 'Nite.API.Controllers.TVShowsController.GetTVShows (Nite.API)'
2023-04-25 16:40:40.3181|INFO|Microsoft.AspNetCore.Mvc.Infrastructure.ControllerActionInvoker|Route matched with {action = "GetTVShows", controller = "TVShows"}. Executing controller action with signature Microsoft.AspNetCore.Mvc.IActionResult GetTVShows() on controller Nite.API.Controllers.TVShowsController (Nite.API).
2023-04-25 16:40:40.3378|INFO|Microsoft.EntityFrameworkCore.Database.Command|Executed DbCommand (5ms) [Parameters=[], CommandType='Text', CommandTimeout='30']
SELECT [t].[Id], [t].[Audience], [t].[Description], [t].[Genre], [t].[Name], [t].[Seasons], [t].[Status], [t].[Year]
FROM [TVShows] AS [t]
2023-04-25 16:40:40.3378|INFO|Microsoft.AspNetCore.Mvc.Infrastructure.ObjectResultExecutor|Executing OkObjectResult, writing value of type 'System.Collections.Generic.List`1[[Nite.API.Data.Models.TVShowDTO, Nite.API, Version=1.0.0.0, Culture=neutral, PublicKeyToken=null]]'.
2023-04-25 16:40:40.3378|INFO|Microsoft.AspNetCore.Mvc.Infrastructure.ControllerActionInvoker|Executed action Nite.API.Controllers.TVShowsController.GetTVShows (Nite.API) in 18.6901ms
2023-04-25 16:40:40.3378|INFO|Microsoft.AspNetCore.Routing.EndpointMiddleware|Executed endpoint 'Nite.API.Controllers.TVShowsController.GetTVShows (Nite.API)'
2023-04-25 16:40:40.3378|INFO|Microsoft.AspNetCore.Hosting.Diagnostics|Request finished HTTP/2 GET https://localhost:7053/api/shows - - - 200 3040 application/json;+charset=utf-8 20.8203ms
2023-04-25 16:40:50.5891|INFO|Microsoft.AspNetCore.Hosting.Diagnostics|Request starting HTTP/2 GET https://localhost:7053/api/shows - -
2023-04-25 16:40:50.5891|INFO|Microsoft.AspNetCore.Cors.Infrastructure.CorsService|CORS policy execution successful.
2023-04-25 16:40:50.5891|INFO|Microsoft.AspNetCore.Routing.EndpointMiddleware|Executing endpoint 'Nite.API.Controllers.TVShowsController.GetTVShows (Nite.API)'
2023-04-25 16:40:50.5891|INFO|Microsoft.AspNetCore.Mvc.Infrastructure.ControllerActionInvoker|Route matched with {action = "GetTVShows", controller = "TVShows"}. Executing controller action with signature Microsoft.AspNetCore.Mvc.IActionResult GetTVShows() on controller Nite.API.Controllers.TVShowsController (Nite.API).
2023-04-25 16:40:50.6003|INFO|Microsoft.EntityFrameworkCore.Database.Command|Executed DbCommand (5ms) [Parameters=[], CommandType='Text', CommandTimeout='30']
SELECT [t].[Id], [t].[Audience], [t].[Description], [t].[Genre], [t].[Name], [t].[Seasons], [t].[Status], [t].[Year]
FROM [TVShows] AS [t]
2023-04-25 16:40:50.6003|INFO|Microsoft.AspNetCore.Mvc.Infrastructure.ObjectResultExecutor|Executing OkObjectResult, writing value of type 'System.Collections.Generic.List`1[[Nite.API.Data.Models.TVShowDTO, Nite.API, Version=1.0.0.0, Culture=neutral, PublicKeyToken=null]]'.
2023-04-25 16:40:50.6003|INFO|Microsoft.AspNetCore.Mvc.Infrastructure.ControllerActionInvoker|Executed action Nite.API.Controllers.TVShowsController.GetTVShows (Nite.API) in 12.1469ms
2023-04-25 16:40:50.6003|INFO|Microsoft.AspNetCore.Routing.EndpointMiddleware|Executed endpoint 'Nite.API.Controllers.TVShowsController.GetTVShows (Nite.API)'
2023-04-25 16:40:50.6003|INFO|Microsoft.AspNetCore.Hosting.Diagnostics|Request finished HTTP/2 GET https://localhost:7053/api/shows - - - 200 3040 application/json;+charset=utf-8 13.2760ms
2023-04-25 16:41:26.0976|INFO|Nite.API.Program|Initializing application...
2023-04-25 16:41:32.0816|INFO|Microsoft.EntityFrameworkCore.Database.Command|Executed DbCommand (75ms) [Parameters=[], CommandType='Text', CommandTimeout='30']
SELECT 1
2023-04-25 16:41:35.4301|INFO|Microsoft.EntityFrameworkCore.Database.Command|Executed DbCommand (3,156ms) [Parameters=[], CommandType='Text', CommandTimeout='60']
IF SERVERPROPERTY('EngineEdition') <> 5
BEGIN
    ALTER DATABASE [NiteDb] SET SINGLE_USER WITH ROLLBACK IMMEDIATE;
END;
2023-04-25 16:41:36.7365|INFO|Microsoft.EntityFrameworkCore.Database.Command|Executed DbCommand (1,304ms) [Parameters=[], CommandType='Text', CommandTimeout='60']
DROP DATABASE [NiteDb];
2023-04-25 16:41:38.1787|INFO|Microsoft.EntityFrameworkCore.Database.Command|Executed DbCommand (1,306ms) [Parameters=[], CommandType='Text', CommandTimeout='60']
CREATE DATABASE [NiteDb];
2023-04-25 16:41:38.7334|INFO|Microsoft.EntityFrameworkCore.Database.Command|Executed DbCommand (553ms) [Parameters=[], CommandType='Text', CommandTimeout='60']
IF SERVERPROPERTY('EngineEdition') <> 5
BEGIN
    ALTER DATABASE [NiteDb] SET READ_COMMITTED_SNAPSHOT ON;
END;
2023-04-25 16:41:38.7744|INFO|Microsoft.EntityFrameworkCore.Database.Command|Executed DbCommand (5ms) [Parameters=[], CommandType='Text', CommandTimeout='30']
SELECT 1
2023-04-25 16:41:39.0133|INFO|Microsoft.EntityFrameworkCore.Database.Command|Executed DbCommand (35ms) [Parameters=[], CommandType='Text', CommandTimeout='30']
CREATE TABLE [__EFMigrationsHistory] (
    [MigrationId] nvarchar(150) NOT NULL,
    [ProductVersion] nvarchar(32) NOT NULL,
    CONSTRAINT [PK___EFMigrationsHistory] PRIMARY KEY ([MigrationId])
);
2023-04-25 16:41:39.0133|INFO|Microsoft.EntityFrameworkCore.Database.Command|Executed DbCommand (4ms) [Parameters=[], CommandType='Text', CommandTimeout='30']
SELECT 1
2023-04-25 16:41:39.0871|INFO|Microsoft.EntityFrameworkCore.Database.Command|Executed DbCommand (51ms) [Parameters=[], CommandType='Text', CommandTimeout='30']
SELECT OBJECT_ID(N'[__EFMigrationsHistory]');
2023-04-25 16:41:39.1117|INFO|Microsoft.EntityFrameworkCore.Database.Command|Executed DbCommand (15ms) [Parameters=[], CommandType='Text', CommandTimeout='30']
SELECT [MigrationId], [ProductVersion]
FROM [__EFMigrationsHistory]
ORDER BY [MigrationId];
2023-04-25 16:41:39.1672|INFO|Microsoft.EntityFrameworkCore.Migrations|Applying migration '20230328164011_Initial Migration'.
2023-04-25 16:41:39.3110|INFO|Microsoft.EntityFrameworkCore.Database.Command|Executed DbCommand (13ms) [Parameters=[], CommandType='Text', CommandTimeout='30']
CREATE TABLE [TVShows] (
    [Id] int NOT NULL IDENTITY,
    [Name] nvarchar(max) NOT NULL,
    [Year] int NOT NULL,
    [Audience] nvarchar(max) NOT NULL,
    [Seasons] int NOT NULL,
    [Genre] nvarchar(max) NOT NULL,
    [Status] nvarchar(max) NOT NULL,
    [Description] nvarchar(max) NOT NULL,
    CONSTRAINT [PK_TVShows] PRIMARY KEY ([Id])
);
2023-04-25 16:41:39.3110|INFO|Microsoft.EntityFrameworkCore.Database.Command|Executed DbCommand (7ms) [Parameters=[], CommandType='Text', CommandTimeout='30']
CREATE TABLE [Users] (
    [Id] int NOT NULL IDENTITY,
    [Username] nvarchar(max) NOT NULL,
    [Email] nvarchar(max) NOT NULL,
    [Password] nvarchar(max) NOT NULL,
    [IsAdmin] bit NOT NULL,
    CONSTRAINT [PK_Users] PRIMARY KEY ([Id])
);
2023-04-25 16:41:39.4783|INFO|Microsoft.EntityFrameworkCore.Database.Command|Executed DbCommand (155ms) [Parameters=[], CommandType='Text', CommandTimeout='30']
IF EXISTS (SELECT * FROM [sys].[identity_columns] WHERE [name] IN (N'Id', N'Audience', N'Description', N'Genre', N'Name', N'Seasons', N'Status', N'Year') AND [object_id] = OBJECT_ID(N'[TVShows]'))
    SET IDENTITY_INSERT [TVShows] ON;
INSERT INTO [TVShows] ([Id], [Audience], [Description], [Genre], [Name], [Seasons], [Status], [Year])
VALUES (1, N'18+', N'Nine noble families fight for control over the lands of Westeros, while an ancient enemy returns after being dormant for millennia.', N'Drama', N'Game of Thrones', 8, N'Ended', 2011),
(2, N'18+', N'Each season has its own self-contained storyline and characters and it has been posed that each season will introduce a new location as well as new characters and storylines.', N'Horror', N'American Horror Story', 10, N'On going', 2011),
(3, N'18+', N'Dexter is a serial killer with a "code" which directs his compulsions to kill only the guilty. As a blood spatter analyst for the Miami police, he has access to crime scenes, picking up clues and checking DNA to confirm a target''s guilt before he kills them.', N'Mystery', N'Dexter', 8, N'Ended', 2006),
(4, N'16+', N'The series follows a dangerously charming, intensely obsessive young man who goes to extreme measures to insert himself into the lives of those he is transfixed by.', N'Psychological thriller', N'You', 4, N'On going', 2018);
IF EXISTS (SELECT * FROM [sys].[identity_columns] WHERE [name] IN (N'Id', N'Audience', N'Description', N'Genre', N'Name', N'Seasons', N'Status', N'Year') AND [object_id] = OBJECT_ID(N'[TVShows]'))
    SET IDENTITY_INSERT [TVShows] OFF;
2023-04-25 16:41:39.5024|INFO|Microsoft.EntityFrameworkCore.Database.Command|Executed DbCommand (22ms) [Parameters=[], CommandType='Text', CommandTimeout='30']
IF EXISTS (SELECT * FROM [sys].[identity_columns] WHERE [name] IN (N'Id', N'Email', N'IsAdmin', N'Password', N'Username') AND [object_id] = OBJECT_ID(N'[Users]'))
    SET IDENTITY_INSERT [Users] ON;
INSERT INTO [Users] ([Id], [Email], [IsAdmin], [Password], [Username])
VALUES (1, N'deeagabor@gmail.com', CAST(1 AS bit), N'ef797c8118f02dfb649607dd5d3f8c7623048c9c063d532cc95c5ed7a898a64f', N'deeagabor'),
(2, N'wolflorena@gmail.com', CAST(1 AS bit), N'ef797c8118f02dfb649607dd5d3f8c7623048c9c063d532cc95c5ed7a898a64f', N'wolflorena'),
(3, N'testunu@gmail.com', CAST(0 AS bit), N'ef797c8118f02dfb649607dd5d3f8c7623048c9c063d532cc95c5ed7a898a64f', N'test1'),
(4, N'testdoi@gmail.com', CAST(0 AS bit), N'ef797c8118f02dfb649607dd5d3f8c7623048c9c063d532cc95c5ed7a898a64f', N'test2');
IF EXISTS (SELECT * FROM [sys].[identity_columns] WHERE [name] IN (N'Id', N'Email', N'IsAdmin', N'Password', N'Username') AND [object_id] = OBJECT_ID(N'[Users]'))
    SET IDENTITY_INSERT [Users] OFF;
2023-04-25 16:41:39.5024|INFO|Microsoft.EntityFrameworkCore.Database.Command|Executed DbCommand (6ms) [Parameters=[], CommandType='Text', CommandTimeout='30']
INSERT INTO [__EFMigrationsHistory] ([MigrationId], [ProductVersion])
VALUES (N'20230328164011_Initial Migration', N'7.0.4');
2023-04-25 16:41:39.8616|INFO|Microsoft.AspNetCore.DataProtection.KeyManagement.XmlKeyManager|User profile is available. Using 'C:\Users\Andreea\AppData\Local\ASP.NET\DataProtection-Keys' as key repository and Windows DPAPI to encrypt keys at rest.
2023-04-25 16:41:41.0203|INFO|Microsoft.AspNetCore.Hosting.Diagnostics|Request starting HTTP/2 GET https://localhost:7053/ - -
2023-04-25 16:41:41.1902|INFO|Microsoft.AspNetCore.Hosting.Diagnostics|Request finished HTTP/2 GET https://localhost:7053/ - - - 404 0 - 176.0411ms
2023-04-25 16:42:25.8246|INFO|Microsoft.AspNetCore.Hosting.Diagnostics|Request starting HTTP/2 OPTIONS https://localhost:7053/api/login - -
2023-04-25 16:42:25.8339|INFO|Microsoft.AspNetCore.Cors.Infrastructure.CorsService|CORS policy execution successful.
2023-04-25 16:42:25.8339|INFO|Microsoft.AspNetCore.Hosting.Diagnostics|Request finished HTTP/2 OPTIONS https://localhost:7053/api/login - - - 204 - - 13.2019ms
2023-04-25 16:42:25.8445|INFO|Microsoft.AspNetCore.Hosting.Diagnostics|Request starting HTTP/2 POST https://localhost:7053/api/login application/json;+charset=UTF-8 97
2023-04-25 16:42:25.8445|INFO|Microsoft.AspNetCore.Cors.Infrastructure.CorsService|CORS policy execution successful.
2023-04-25 16:42:25.8445|INFO|Microsoft.AspNetCore.Routing.EndpointMiddleware|Executing endpoint 'Nite.API.Controllers.LoginController.Login (Nite.API)'
2023-04-25 16:42:25.8965|INFO|Microsoft.AspNetCore.Mvc.Infrastructure.ControllerActionInvoker|Route matched with {action = "Login", controller = "Login"}. Executing controller action with signature Microsoft.AspNetCore.Mvc.IActionResult Login(Nite.API.Data.Models.LoginDTO) on controller Nite.API.Controllers.LoginController (Nite.API).
2023-04-25 16:42:26.8797|INFO|Microsoft.EntityFrameworkCore.Database.Command|Executed DbCommand (12ms) [Parameters=[], CommandType='Text', CommandTimeout='30']
SELECT [u].[Id], [u].[Email], [u].[IsAdmin], [u].[Password], [u].[Username]
FROM [Users] AS [u]
2023-04-25 16:42:26.9641|INFO|Nite.API.Controllers.LoginController|User wasn't found!
2023-04-25 16:42:26.9769|INFO|Microsoft.AspNetCore.Mvc.Infrastructure.ObjectResultExecutor|Executing ObjectResult, writing value of type 'Microsoft.AspNetCore.Mvc.ProblemDetails'.
2023-04-25 16:42:27.0804|INFO|Microsoft.AspNetCore.Mvc.Infrastructure.ControllerActionInvoker|Executed action Nite.API.Controllers.LoginController.Login (Nite.API) in 1177.3551ms
2023-04-25 16:42:27.0804|INFO|Microsoft.AspNetCore.Routing.EndpointMiddleware|Executed endpoint 'Nite.API.Controllers.LoginController.Login (Nite.API)'
2023-04-25 16:42:27.0981|INFO|Microsoft.AspNetCore.Hosting.Diagnostics|Request finished HTTP/2 POST https://localhost:7053/api/login application/json;+charset=UTF-8 97 - 404 161 application/problem+json;+charset=utf-8 1253.5603ms
2023-04-25 16:42:33.7606|INFO|Microsoft.AspNetCore.Hosting.Diagnostics|Request starting HTTP/2 OPTIONS https://localhost:7053/api/login - -
2023-04-25 16:42:33.7606|INFO|Microsoft.AspNetCore.Cors.Infrastructure.CorsService|CORS policy execution successful.
2023-04-25 16:42:33.7606|INFO|Microsoft.AspNetCore.Hosting.Diagnostics|Request finished HTTP/2 OPTIONS https://localhost:7053/api/login - - - 204 - - 1.2684ms
2023-04-25 16:42:33.7640|INFO|Microsoft.AspNetCore.Hosting.Diagnostics|Request starting HTTP/2 POST https://localhost:7053/api/login application/json;+charset=UTF-8 97
2023-04-25 16:42:33.7640|INFO|Microsoft.AspNetCore.Cors.Infrastructure.CorsService|CORS policy execution successful.
2023-04-25 16:42:33.7640|INFO|Microsoft.AspNetCore.Routing.EndpointMiddleware|Executing endpoint 'Nite.API.Controllers.LoginController.Login (Nite.API)'
2023-04-25 16:42:33.7640|INFO|Microsoft.AspNetCore.Mvc.Infrastructure.ControllerActionInvoker|Route matched with {action = "Login", controller = "Login"}. Executing controller action with signature Microsoft.AspNetCore.Mvc.IActionResult Login(Nite.API.Data.Models.LoginDTO) on controller Nite.API.Controllers.LoginController (Nite.API).
2023-04-25 16:42:33.8347|INFO|Microsoft.EntityFrameworkCore.Database.Command|Executed DbCommand (4ms) [Parameters=[], CommandType='Text', CommandTimeout='30']
SELECT [u].[Id], [u].[Email], [u].[IsAdmin], [u].[Password], [u].[Username]
FROM [Users] AS [u]
2023-04-25 16:42:33.8347|INFO|Nite.API.Controllers.LoginController|User wasn't found!
2023-04-25 16:42:33.8347|INFO|Microsoft.AspNetCore.Mvc.Infrastructure.ObjectResultExecutor|Executing ObjectResult, writing value of type 'Microsoft.AspNetCore.Mvc.ProblemDetails'.
2023-04-25 16:42:33.8347|INFO|Microsoft.AspNetCore.Mvc.Infrastructure.ControllerActionInvoker|Executed action Nite.API.Controllers.LoginController.Login (Nite.API) in 73.2809ms
2023-04-25 16:42:33.8347|INFO|Microsoft.AspNetCore.Routing.EndpointMiddleware|Executed endpoint 'Nite.API.Controllers.LoginController.Login (Nite.API)'
2023-04-25 16:42:33.8347|INFO|Microsoft.AspNetCore.Hosting.Diagnostics|Request finished HTTP/2 POST https://localhost:7053/api/login application/json;+charset=UTF-8 97 - 404 161 application/problem+json;+charset=utf-8 73.9409ms
2023-04-25 16:42:42.9535|INFO|Microsoft.AspNetCore.Hosting.Diagnostics|Request starting HTTP/2 OPTIONS https://localhost:7053/api/login - -
2023-04-25 16:42:42.9535|INFO|Microsoft.AspNetCore.Cors.Infrastructure.CorsService|CORS policy execution successful.
2023-04-25 16:42:42.9535|INFO|Microsoft.AspNetCore.Hosting.Diagnostics|Request finished HTTP/2 OPTIONS https://localhost:7053/api/login - - - 204 - - 0.5661ms
2023-04-25 16:42:42.9535|INFO|Microsoft.AspNetCore.Hosting.Diagnostics|Request starting HTTP/2 POST https://localhost:7053/api/login application/json;+charset=UTF-8 98
2023-04-25 16:42:42.9535|INFO|Microsoft.AspNetCore.Cors.Infrastructure.CorsService|CORS policy execution successful.
2023-04-25 16:42:42.9535|INFO|Microsoft.AspNetCore.Routing.EndpointMiddleware|Executing endpoint 'Nite.API.Controllers.LoginController.Login (Nite.API)'
2023-04-25 16:42:42.9535|INFO|Microsoft.AspNetCore.Mvc.Infrastructure.ControllerActionInvoker|Route matched with {action = "Login", controller = "Login"}. Executing controller action with signature Microsoft.AspNetCore.Mvc.IActionResult Login(Nite.API.Data.Models.LoginDTO) on controller Nite.API.Controllers.LoginController (Nite.API).
2023-04-25 16:42:42.9683|INFO|Microsoft.EntityFrameworkCore.Database.Command|Executed DbCommand (4ms) [Parameters=[], CommandType='Text', CommandTimeout='30']
SELECT [u].[Id], [u].[Email], [u].[IsAdmin], [u].[Password], [u].[Username]
FROM [Users] AS [u]
2023-04-25 16:42:42.9869|INFO|Microsoft.AspNetCore.Mvc.Infrastructure.ObjectResultExecutor|Executing OkObjectResult, writing value of type 'Nite.API.Data.Models.UserDTO'.
2023-04-25 16:42:42.9869|INFO|Microsoft.AspNetCore.Mvc.Infrastructure.ControllerActionInvoker|Executed action Nite.API.Controllers.LoginController.Login (Nite.API) in 33.8392ms
2023-04-25 16:42:42.9869|INFO|Microsoft.AspNetCore.Routing.EndpointMiddleware|Executed endpoint 'Nite.API.Controllers.LoginController.Login (Nite.API)'
2023-04-25 16:42:42.9869|INFO|Microsoft.AspNetCore.Hosting.Diagnostics|Request finished HTTP/2 POST https://localhost:7053/api/login application/json;+charset=UTF-8 98 - 200 149 application/json;+charset=utf-8 34.4548ms
2023-04-25 16:42:43.0982|INFO|Microsoft.AspNetCore.Hosting.Diagnostics|Request starting HTTP/2 GET https://localhost:7053/api/shows - -
2023-04-25 16:42:43.0982|INFO|Microsoft.AspNetCore.Cors.Infrastructure.CorsService|CORS policy execution successful.
2023-04-25 16:42:43.0982|INFO|Microsoft.AspNetCore.Routing.EndpointMiddleware|Executing endpoint 'Nite.API.Controllers.TVShowsController.GetTVShows (Nite.API)'
2023-04-25 16:42:43.0982|INFO|Microsoft.AspNetCore.Mvc.Infrastructure.ControllerActionInvoker|Route matched with {action = "GetTVShows", controller = "TVShows"}. Executing controller action with signature Microsoft.AspNetCore.Mvc.IActionResult GetTVShows() on controller Nite.API.Controllers.TVShowsController (Nite.API).
2023-04-25 16:42:43.1252|INFO|Microsoft.EntityFrameworkCore.Database.Command|Executed DbCommand (10ms) [Parameters=[], CommandType='Text', CommandTimeout='30']
SELECT [t].[Id], [t].[Audience], [t].[Description], [t].[Genre], [t].[Name], [t].[Seasons], [t].[Status], [t].[Year]
FROM [TVShows] AS [t]
2023-04-25 16:42:43.1921|INFO|Microsoft.AspNetCore.Mvc.Infrastructure.ObjectResultExecutor|Executing OkObjectResult, writing value of type 'System.Collections.Generic.List`1[[Nite.API.Data.Models.TVShowDTO, Nite.API, Version=1.0.0.0, Culture=neutral, PublicKeyToken=null]]'.
2023-04-25 16:42:43.2132|INFO|Microsoft.AspNetCore.Mvc.Infrastructure.ControllerActionInvoker|Executed action Nite.API.Controllers.TVShowsController.GetTVShows (Nite.API) in 110.3915ms
2023-04-25 16:42:43.2132|INFO|Microsoft.AspNetCore.Routing.EndpointMiddleware|Executed endpoint 'Nite.API.Controllers.TVShowsController.GetTVShows (Nite.API)'
2023-04-25 16:42:43.2132|INFO|Microsoft.AspNetCore.Hosting.Diagnostics|Request finished HTTP/2 GET https://localhost:7053/api/shows - - - 200 1242 application/json;+charset=utf-8 115.4105ms
2023-04-25 16:43:08.1575|INFO|Microsoft.AspNetCore.Hosting.Diagnostics|Request starting HTTP/2 GET https://localhost:7053/api/shows - -
2023-04-25 16:43:08.1575|INFO|Microsoft.AspNetCore.Cors.Infrastructure.CorsService|CORS policy execution successful.
2023-04-25 16:43:08.1575|INFO|Microsoft.AspNetCore.Routing.EndpointMiddleware|Executing endpoint 'Nite.API.Controllers.TVShowsController.GetTVShows (Nite.API)'
2023-04-25 16:43:08.1575|INFO|Microsoft.AspNetCore.Mvc.Infrastructure.ControllerActionInvoker|Route matched with {action = "GetTVShows", controller = "TVShows"}. Executing controller action with signature Microsoft.AspNetCore.Mvc.IActionResult GetTVShows() on controller Nite.API.Controllers.TVShowsController (Nite.API).
2023-04-25 16:43:08.1767|INFO|Microsoft.EntityFrameworkCore.Database.Command|Executed DbCommand (6ms) [Parameters=[], CommandType='Text', CommandTimeout='30']
SELECT [t].[Id], [t].[Audience], [t].[Description], [t].[Genre], [t].[Name], [t].[Seasons], [t].[Status], [t].[Year]
FROM [TVShows] AS [t]
2023-04-25 16:43:08.1767|INFO|Microsoft.AspNetCore.Mvc.Infrastructure.ObjectResultExecutor|Executing OkObjectResult, writing value of type 'System.Collections.Generic.List`1[[Nite.API.Data.Models.TVShowDTO, Nite.API, Version=1.0.0.0, Culture=neutral, PublicKeyToken=null]]'.
2023-04-25 16:43:08.1767|INFO|Microsoft.AspNetCore.Mvc.Infrastructure.ControllerActionInvoker|Executed action Nite.API.Controllers.TVShowsController.GetTVShows (Nite.API) in 19.1916ms
2023-04-25 16:43:08.1767|INFO|Microsoft.AspNetCore.Routing.EndpointMiddleware|Executed endpoint 'Nite.API.Controllers.TVShowsController.GetTVShows (Nite.API)'
2023-04-25 16:43:08.1767|INFO|Microsoft.AspNetCore.Hosting.Diagnostics|Request finished HTTP/2 GET https://localhost:7053/api/shows - - - 200 1242 application/json;+charset=utf-8 20.6027ms
2023-04-25 16:43:26.3038|INFO|Microsoft.AspNetCore.Hosting.Diagnostics|Request starting HTTP/2 GET https://localhost:7053/api/shows - -
2023-04-25 16:43:26.3038|INFO|Microsoft.AspNetCore.Cors.Infrastructure.CorsService|CORS policy execution successful.
2023-04-25 16:43:26.3038|INFO|Microsoft.AspNetCore.Routing.EndpointMiddleware|Executing endpoint 'Nite.API.Controllers.TVShowsController.GetTVShows (Nite.API)'
2023-04-25 16:43:26.3038|INFO|Microsoft.AspNetCore.Mvc.Infrastructure.ControllerActionInvoker|Route matched with {action = "GetTVShows", controller = "TVShows"}. Executing controller action with signature Microsoft.AspNetCore.Mvc.IActionResult GetTVShows() on controller Nite.API.Controllers.TVShowsController (Nite.API).
2023-04-25 16:43:26.3155|INFO|Microsoft.EntityFrameworkCore.Database.Command|Executed DbCommand (4ms) [Parameters=[], CommandType='Text', CommandTimeout='30']
SELECT [t].[Id], [t].[Audience], [t].[Description], [t].[Genre], [t].[Name], [t].[Seasons], [t].[Status], [t].[Year]
FROM [TVShows] AS [t]
2023-04-25 16:43:26.3155|INFO|Microsoft.AspNetCore.Mvc.Infrastructure.ObjectResultExecutor|Executing OkObjectResult, writing value of type 'System.Collections.Generic.List`1[[Nite.API.Data.Models.TVShowDTO, Nite.API, Version=1.0.0.0, Culture=neutral, PublicKeyToken=null]]'.
2023-04-25 16:43:26.3155|INFO|Microsoft.AspNetCore.Mvc.Infrastructure.ControllerActionInvoker|Executed action Nite.API.Controllers.TVShowsController.GetTVShows (Nite.API) in 11.7438ms
2023-04-25 16:43:26.3155|INFO|Microsoft.AspNetCore.Routing.EndpointMiddleware|Executed endpoint 'Nite.API.Controllers.TVShowsController.GetTVShows (Nite.API)'
2023-04-25 16:43:26.3155|INFO|Microsoft.AspNetCore.Hosting.Diagnostics|Request finished HTTP/2 GET https://localhost:7053/api/shows - - - 200 1242 application/json;+charset=utf-8 12.9183ms
2023-04-25 16:44:34.8256|INFO|Microsoft.AspNetCore.Hosting.Diagnostics|Request starting HTTP/2 GET https://localhost:7053/api/shows - -
2023-04-25 16:44:34.8270|INFO|Microsoft.AspNetCore.Cors.Infrastructure.CorsService|CORS policy execution successful.
2023-04-25 16:44:34.8270|INFO|Microsoft.AspNetCore.Routing.EndpointMiddleware|Executing endpoint 'Nite.API.Controllers.TVShowsController.GetTVShows (Nite.API)'
2023-04-25 16:44:34.8270|INFO|Microsoft.AspNetCore.Mvc.Infrastructure.ControllerActionInvoker|Route matched with {action = "GetTVShows", controller = "TVShows"}. Executing controller action with signature Microsoft.AspNetCore.Mvc.IActionResult GetTVShows() on controller Nite.API.Controllers.TVShowsController (Nite.API).
2023-04-25 16:44:34.8270|INFO|Microsoft.EntityFrameworkCore.Database.Command|Executed DbCommand (7ms) [Parameters=[], CommandType='Text', CommandTimeout='30']
SELECT [t].[Id], [t].[Audience], [t].[Description], [t].[Genre], [t].[Name], [t].[Seasons], [t].[Status], [t].[Year]
FROM [TVShows] AS [t]
2023-04-25 16:44:34.8270|INFO|Microsoft.AspNetCore.Mvc.Infrastructure.ObjectResultExecutor|Executing OkObjectResult, writing value of type 'System.Collections.Generic.List`1[[Nite.API.Data.Models.TVShowDTO, Nite.API, Version=1.0.0.0, Culture=neutral, PublicKeyToken=null]]'.
2023-04-25 16:44:34.8270|INFO|Microsoft.AspNetCore.Mvc.Infrastructure.ControllerActionInvoker|Executed action Nite.API.Controllers.TVShowsController.GetTVShows (Nite.API) in 11.9895ms
2023-04-25 16:44:34.8270|INFO|Microsoft.AspNetCore.Routing.EndpointMiddleware|Executed endpoint 'Nite.API.Controllers.TVShowsController.GetTVShows (Nite.API)'
2023-04-25 16:44:34.8270|INFO|Microsoft.AspNetCore.Hosting.Diagnostics|Request finished HTTP/2 GET https://localhost:7053/api/shows - - - 200 1242 application/json;+charset=utf-8 13.7563ms
2023-04-25 16:44:49.4895|INFO|Microsoft.AspNetCore.Hosting.Diagnostics|Request starting HTTP/2 GET https://localhost:7053/api/shows - -
2023-04-25 16:44:49.4895|INFO|Microsoft.AspNetCore.Cors.Infrastructure.CorsService|CORS policy execution successful.
2023-04-25 16:44:49.4895|INFO|Microsoft.AspNetCore.Routing.EndpointMiddleware|Executing endpoint 'Nite.API.Controllers.TVShowsController.GetTVShows (Nite.API)'
2023-04-25 16:44:49.4895|INFO|Microsoft.AspNetCore.Mvc.Infrastructure.ControllerActionInvoker|Route matched with {action = "GetTVShows", controller = "TVShows"}. Executing controller action with signature Microsoft.AspNetCore.Mvc.IActionResult GetTVShows() on controller Nite.API.Controllers.TVShowsController (Nite.API).
2023-04-25 16:44:49.4990|INFO|Microsoft.EntityFrameworkCore.Database.Command|Executed DbCommand (6ms) [Parameters=[], CommandType='Text', CommandTimeout='30']
SELECT [t].[Id], [t].[Audience], [t].[Description], [t].[Genre], [t].[Name], [t].[Seasons], [t].[Status], [t].[Year]
FROM [TVShows] AS [t]
2023-04-25 16:44:49.4990|INFO|Microsoft.AspNetCore.Mvc.Infrastructure.ObjectResultExecutor|Executing OkObjectResult, writing value of type 'System.Collections.Generic.List`1[[Nite.API.Data.Models.TVShowDTO, Nite.API, Version=1.0.0.0, Culture=neutral, PublicKeyToken=null]]'.
2023-04-25 16:44:49.4990|INFO|Microsoft.AspNetCore.Mvc.Infrastructure.ControllerActionInvoker|Executed action Nite.API.Controllers.TVShowsController.GetTVShows (Nite.API) in 9.5892ms
2023-04-25 16:44:49.4990|INFO|Microsoft.AspNetCore.Routing.EndpointMiddleware|Executed endpoint 'Nite.API.Controllers.TVShowsController.GetTVShows (Nite.API)'
2023-04-25 16:44:49.4990|INFO|Microsoft.AspNetCore.Hosting.Diagnostics|Request finished HTTP/2 GET https://localhost:7053/api/shows - - - 200 1242 application/json;+charset=utf-8 10.3368ms
2023-04-25 16:45:31.6527|INFO|Microsoft.AspNetCore.Hosting.Diagnostics|Request starting HTTP/2 GET https://localhost:7053/api/shows - -
2023-04-25 16:45:31.6527|INFO|Microsoft.AspNetCore.Cors.Infrastructure.CorsService|CORS policy execution successful.
2023-04-25 16:45:31.6527|INFO|Microsoft.AspNetCore.Routing.EndpointMiddleware|Executing endpoint 'Nite.API.Controllers.TVShowsController.GetTVShows (Nite.API)'
2023-04-25 16:45:31.6527|INFO|Microsoft.AspNetCore.Mvc.Infrastructure.ControllerActionInvoker|Route matched with {action = "GetTVShows", controller = "TVShows"}. Executing controller action with signature Microsoft.AspNetCore.Mvc.IActionResult GetTVShows() on controller Nite.API.Controllers.TVShowsController (Nite.API).
2023-04-25 16:45:31.6628|INFO|Microsoft.EntityFrameworkCore.Database.Command|Executed DbCommand (5ms) [Parameters=[], CommandType='Text', CommandTimeout='30']
SELECT [t].[Id], [t].[Audience], [t].[Description], [t].[Genre], [t].[Name], [t].[Seasons], [t].[Status], [t].[Year]
FROM [TVShows] AS [t]
2023-04-25 16:45:31.6628|INFO|Microsoft.AspNetCore.Mvc.Infrastructure.ObjectResultExecutor|Executing OkObjectResult, writing value of type 'System.Collections.Generic.List`1[[Nite.API.Data.Models.TVShowDTO, Nite.API, Version=1.0.0.0, Culture=neutral, PublicKeyToken=null]]'.
2023-04-25 16:45:31.6628|INFO|Microsoft.AspNetCore.Mvc.Infrastructure.ControllerActionInvoker|Executed action Nite.API.Controllers.TVShowsController.GetTVShows (Nite.API) in 10.5499ms
2023-04-25 16:45:31.6628|INFO|Microsoft.AspNetCore.Routing.EndpointMiddleware|Executed endpoint 'Nite.API.Controllers.TVShowsController.GetTVShows (Nite.API)'
2023-04-25 16:45:31.6628|INFO|Microsoft.AspNetCore.Hosting.Diagnostics|Request finished HTTP/2 GET https://localhost:7053/api/shows - - - 200 1242 application/json;+charset=utf-8 11.1873ms
2023-04-25 16:46:15.7247|INFO|Microsoft.AspNetCore.Hosting.Diagnostics|Request starting HTTP/2 GET https://localhost:7053/api/shows/4 - -
2023-04-25 16:46:15.7247|INFO|Microsoft.AspNetCore.Cors.Infrastructure.CorsService|CORS policy execution successful.
2023-04-25 16:46:15.7247|INFO|Microsoft.AspNetCore.Routing.EndpointMiddleware|Executing endpoint 'Nite.API.Controllers.TVShowsController.GetTVShow (Nite.API)'
2023-04-25 16:46:15.7347|INFO|Microsoft.AspNetCore.Mvc.Infrastructure.ControllerActionInvoker|Route matched with {action = "GetTVShow", controller = "TVShows"}. Executing controller action with signature Microsoft.AspNetCore.Mvc.IActionResult GetTVShow(Int32) on controller Nite.API.Controllers.TVShowsController (Nite.API).
2023-04-25 16:46:16.4221|INFO|Microsoft.EntityFrameworkCore.Database.Command|Executed DbCommand (306ms) [Parameters=[@__showId_0='?' (DbType = Int32)], CommandType='Text', CommandTimeout='30']
SELECT TOP(1) [t].[Id], [t].[Audience], [t].[Description], [t].[Genre], [t].[Name], [t].[Seasons], [t].[Status], [t].[Year]
FROM [TVShows] AS [t]
WHERE [t].[Id] = @__showId_0
2023-04-25 16:46:16.4221|INFO|Microsoft.AspNetCore.Mvc.Infrastructure.ObjectResultExecutor|Executing OkObjectResult, writing value of type 'Nite.API.Data.Models.TVShowDTO'.
2023-04-25 16:46:16.4221|INFO|Microsoft.AspNetCore.Mvc.Infrastructure.ControllerActionInvoker|Executed action Nite.API.Controllers.TVShowsController.GetTVShow (Nite.API) in 693.182ms
2023-04-25 16:46:16.4221|INFO|Microsoft.AspNetCore.Routing.EndpointMiddleware|Executed endpoint 'Nite.API.Controllers.TVShowsController.GetTVShow (Nite.API)'
2023-04-25 16:46:16.4221|INFO|Microsoft.AspNetCore.Hosting.Diagnostics|Request finished HTTP/2 GET https://localhost:7053/api/shows/4 - - - 200 296 application/json;+charset=utf-8 703.5137ms
2023-04-25 19:38:41.8791|INFO|Nite.API.Program|Initializing application...
2023-04-25 19:38:49.6924|INFO|Microsoft.EntityFrameworkCore.Database.Command|Executed DbCommand (120ms) [Parameters=[], CommandType='Text', CommandTimeout='30']
SELECT 1
2023-04-25 19:38:49.8530|INFO|Microsoft.EntityFrameworkCore.Database.Command|Executed DbCommand (85ms) [Parameters=[], CommandType='Text', CommandTimeout='30']
SELECT OBJECT_ID(N'[__EFMigrationsHistory]');
2023-04-25 19:38:49.8648|INFO|Microsoft.EntityFrameworkCore.Database.Command|Executed DbCommand (6ms) [Parameters=[], CommandType='Text', CommandTimeout='30']
SELECT 1
2023-04-25 19:38:49.8729|INFO|Microsoft.EntityFrameworkCore.Database.Command|Executed DbCommand (5ms) [Parameters=[], CommandType='Text', CommandTimeout='30']
SELECT OBJECT_ID(N'[__EFMigrationsHistory]');
2023-04-25 19:38:49.9627|INFO|Microsoft.EntityFrameworkCore.Database.Command|Executed DbCommand (25ms) [Parameters=[], CommandType='Text', CommandTimeout='30']
SELECT [MigrationId], [ProductVersion]
FROM [__EFMigrationsHistory]
ORDER BY [MigrationId];
2023-04-25 19:38:50.0358|INFO|Microsoft.EntityFrameworkCore.Migrations|No migrations were applied. The database is already up to date.
2023-04-25 19:38:50.4478|INFO|Microsoft.AspNetCore.DataProtection.KeyManagement.XmlKeyManager|User profile is available. Using 'C:\Users\Andreea\AppData\Local\ASP.NET\DataProtection-Keys' as key repository and Windows DPAPI to encrypt keys at rest.
2023-04-25 19:38:52.4779|INFO|Microsoft.AspNetCore.Hosting.Diagnostics|Request starting HTTP/2 GET https://localhost:7053/ - -
2023-04-25 19:38:52.7134|INFO|Microsoft.AspNetCore.Hosting.Diagnostics|Request finished HTTP/2 GET https://localhost:7053/ - - - 404 0 - 241.5490ms
2023-04-25 19:39:04.7815|INFO|Microsoft.AspNetCore.Hosting.Diagnostics|Request starting HTTP/1.1 GET https://localhost:7053/api/shows application/json 188
2023-04-25 19:39:04.7815|INFO|Microsoft.AspNetCore.Routing.EndpointMiddleware|Executing endpoint 'Nite.API.Controllers.TVShowsController.GetTVShows (Nite.API)'
2023-04-25 19:39:04.8260|INFO|Microsoft.AspNetCore.Mvc.Infrastructure.ControllerActionInvoker|Route matched with {action = "GetTVShows", controller = "TVShows"}. Executing controller action with signature Microsoft.AspNetCore.Mvc.IActionResult GetTVShows() on controller Nite.API.Controllers.TVShowsController (Nite.API).
2023-04-25 19:39:05.7413|ERROR|Microsoft.EntityFrameworkCore.Database.Command|Failed executing DbCommand (53ms) [Parameters=[], CommandType='Text', CommandTimeout='30']
SELECT [t].[Id], [t].[Audience], [t].[Description], [t].[Genre], [t].[Name], [t].[Poster], [t].[Seasons], [t].[Status], [t].[Year]
FROM [TVShows] AS [t]
2023-04-25 19:39:05.8363|ERROR|Microsoft.EntityFrameworkCore.Query|An exception occurred while iterating over the results of a query for context type 'Nite.API.Data.DataContext'.
Microsoft.Data.SqlClient.SqlException (0x80131904): Invalid column name 'Poster'.
   at Microsoft.Data.SqlClient.SqlConnection.OnError(SqlException exception, Boolean breakConnection, Action`1 wrapCloseInAction)
   at Microsoft.Data.SqlClient.TdsParser.ThrowExceptionAndWarning(TdsParserStateObject stateObj, Boolean callerHasConnectionLock, Boolean asyncClose)
   at Microsoft.Data.SqlClient.TdsParser.TryRun(RunBehavior runBehavior, SqlCommand cmdHandler, SqlDataReader dataStream, BulkCopySimpleResultSet bulkCopyHandler, TdsParserStateObject stateObj, Boolean& dataReady)
   at Microsoft.Data.SqlClient.SqlDataReader.TryConsumeMetaData()
   at Microsoft.Data.SqlClient.SqlDataReader.get_MetaData()
   at Microsoft.Data.SqlClient.SqlCommand.FinishExecuteReader(SqlDataReader ds, RunBehavior runBehavior, String resetOptionsString, Boolean isInternal, Boolean forDescribeParameterEncryption, Boolean shouldCacheForAlwaysEncrypted)
   at Microsoft.Data.SqlClient.SqlCommand.RunExecuteReaderTds(CommandBehavior cmdBehavior, RunBehavior runBehavior, Boolean returnStream, Boolean isAsync, Int32 timeout, Task& task, Boolean asyncWrite, Boolean inRetry, SqlDataReader ds, Boolean describeParameterEncryptionRequest)
   at Microsoft.Data.SqlClient.SqlCommand.RunExecuteReader(CommandBehavior cmdBehavior, RunBehavior runBehavior, Boolean returnStream, TaskCompletionSource`1 completion, Int32 timeout, Task& task, Boolean& usedCache, Boolean asyncWrite, Boolean inRetry, String method)
   at Microsoft.Data.SqlClient.SqlCommand.ExecuteReader(CommandBehavior behavior)
   at Microsoft.Data.SqlClient.SqlCommand.ExecuteDbDataReader(CommandBehavior behavior)
   at Microsoft.EntityFrameworkCore.Storage.RelationalCommand.ExecuteReader(RelationalCommandParameterObject parameterObject)
   at Microsoft.EntityFrameworkCore.Query.Internal.SingleQueryingEnumerable`1.Enumerator.InitializeReader(Enumerator enumerator)
   at Microsoft.EntityFrameworkCore.SqlServer.Storage.Internal.SqlServerExecutionStrategy.Execute[TState,TResult](TState state, Func`3 operation, Func`3 verifySucceeded)
   at Microsoft.EntityFrameworkCore.Query.Internal.SingleQueryingEnumerable`1.Enumerator.MoveNext()
ClientConnectionId:a43b9694-02e3-4366-b896-db6604aa7a7a
Error Number:207,State:1,Class:16|Microsoft.Data.SqlClient.SqlException (0x80131904): Invalid column name 'Poster'.
   at Microsoft.Data.SqlClient.SqlConnection.OnError(SqlException exception, Boolean breakConnection, Action`1 wrapCloseInAction)
   at Microsoft.Data.SqlClient.TdsParser.ThrowExceptionAndWarning(TdsParserStateObject stateObj, Boolean callerHasConnectionLock, Boolean asyncClose)
   at Microsoft.Data.SqlClient.TdsParser.TryRun(RunBehavior runBehavior, SqlCommand cmdHandler, SqlDataReader dataStream, BulkCopySimpleResultSet bulkCopyHandler, TdsParserStateObject stateObj, Boolean& dataReady)
   at Microsoft.Data.SqlClient.SqlDataReader.TryConsumeMetaData()
   at Microsoft.Data.SqlClient.SqlDataReader.get_MetaData()
   at Microsoft.Data.SqlClient.SqlCommand.FinishExecuteReader(SqlDataReader ds, RunBehavior runBehavior, String resetOptionsString, Boolean isInternal, Boolean forDescribeParameterEncryption, Boolean shouldCacheForAlwaysEncrypted)
   at Microsoft.Data.SqlClient.SqlCommand.RunExecuteReaderTds(CommandBehavior cmdBehavior, RunBehavior runBehavior, Boolean returnStream, Boolean isAsync, Int32 timeout, Task& task, Boolean asyncWrite, Boolean inRetry, SqlDataReader ds, Boolean describeParameterEncryptionRequest)
   at Microsoft.Data.SqlClient.SqlCommand.RunExecuteReader(CommandBehavior cmdBehavior, RunBehavior runBehavior, Boolean returnStream, TaskCompletionSource`1 completion, Int32 timeout, Task& task, Boolean& usedCache, Boolean asyncWrite, Boolean inRetry, String method)
   at Microsoft.Data.SqlClient.SqlCommand.ExecuteReader(CommandBehavior behavior)
   at Microsoft.Data.SqlClient.SqlCommand.ExecuteDbDataReader(CommandBehavior behavior)
   at Microsoft.EntityFrameworkCore.Storage.RelationalCommand.ExecuteReader(RelationalCommandParameterObject parameterObject)
   at Microsoft.EntityFrameworkCore.Query.Internal.SingleQueryingEnumerable`1.Enumerator.InitializeReader(Enumerator enumerator)
   at Microsoft.EntityFrameworkCore.SqlServer.Storage.Internal.SqlServerExecutionStrategy.Execute[TState,TResult](TState state, Func`3 operation, Func`3 verifySucceeded)
   at Microsoft.EntityFrameworkCore.Query.Internal.SingleQueryingEnumerable`1.Enumerator.MoveNext()
ClientConnectionId:a43b9694-02e3-4366-b896-db6604aa7a7a
Error Number:207,State:1,Class:16
2023-04-25 19:39:05.9504|FATAL|Nite.API.Controllers.TVShowsController|Exception while getting TV shows!
2023-04-25 19:39:05.9654|INFO|Microsoft.AspNetCore.Mvc.Infrastructure.ObjectResultExecutor|Executing ObjectResult, writing value of type 'System.String'.
2023-04-25 19:39:05.9796|INFO|Microsoft.AspNetCore.Mvc.Infrastructure.ControllerActionInvoker|Executed action Nite.API.Controllers.TVShowsController.GetTVShows (Nite.API) in 1146.0872ms
2023-04-25 19:39:05.9796|INFO|Microsoft.AspNetCore.Routing.EndpointMiddleware|Executed endpoint 'Nite.API.Controllers.TVShowsController.GetTVShows (Nite.API)'
2023-04-25 19:39:05.9989|INFO|Microsoft.AspNetCore.Hosting.Diagnostics|Request finished HTTP/1.1 GET https://localhost:7053/api/shows application/json 188 - 500 - text/plain;+charset=utf-8 1217.4959ms
2023-04-25 19:39:47.9511|INFO|Microsoft.AspNetCore.Hosting.Diagnostics|Request starting HTTP/1.1 GET https://localhost:7053/api/users application/json 188
2023-04-25 19:39:47.9530|INFO|Microsoft.AspNetCore.Routing.EndpointMiddleware|Executing endpoint 'Nite.API.Controllers.UsersController.GetUsers (Nite.API)'
2023-04-25 19:39:47.9530|INFO|Microsoft.AspNetCore.Mvc.Infrastructure.ControllerActionInvoker|Route matched with {action = "GetUsers", controller = "Users"}. Executing controller action with signature Microsoft.AspNetCore.Mvc.IActionResult GetUsers() on controller Nite.API.Controllers.UsersController (Nite.API).
2023-04-25 19:39:48.0803|INFO|Microsoft.EntityFrameworkCore.Database.Command|Executed DbCommand (19ms) [Parameters=[], CommandType='Text', CommandTimeout='30']
SELECT [u].[Id], [u].[Email], [u].[IsAdmin], [u].[Password], [u].[Username]
FROM [Users] AS [u]
2023-04-25 19:39:48.2092|INFO|Microsoft.AspNetCore.Mvc.Infrastructure.ObjectResultExecutor|Executing OkObjectResult, writing value of type 'System.Collections.Generic.List`1[[Nite.API.Data.Models.UserDTO, Nite.API, Version=1.0.0.0, Culture=neutral, PublicKeyToken=null]]'.
2023-04-25 19:39:48.4407|INFO|Microsoft.AspNetCore.Mvc.Infrastructure.ControllerActionInvoker|Executed action Nite.API.Controllers.UsersController.GetUsers (Nite.API) in 485.524ms
2023-04-25 19:39:48.4407|INFO|Microsoft.AspNetCore.Routing.EndpointMiddleware|Executed endpoint 'Nite.API.Controllers.UsersController.GetUsers (Nite.API)'
2023-04-25 19:39:48.4407|INFO|Microsoft.AspNetCore.Hosting.Diagnostics|Request finished HTTP/1.1 GET https://localhost:7053/api/users application/json 188 - 200 613 application/json;+charset=utf-8 489.8949ms
2023-04-25 19:39:52.5550|INFO|Microsoft.AspNetCore.Hosting.Diagnostics|Request starting HTTP/1.1 GET https://localhost:7053/api/shows application/json 188
2023-04-25 19:39:52.5550|INFO|Microsoft.AspNetCore.Routing.EndpointMiddleware|Executing endpoint 'Nite.API.Controllers.TVShowsController.GetTVShows (Nite.API)'
2023-04-25 19:39:52.5550|INFO|Microsoft.AspNetCore.Mvc.Infrastructure.ControllerActionInvoker|Route matched with {action = "GetTVShows", controller = "TVShows"}. Executing controller action with signature Microsoft.AspNetCore.Mvc.IActionResult GetTVShows() on controller Nite.API.Controllers.TVShowsController (Nite.API).
2023-04-25 19:39:52.5745|ERROR|Microsoft.EntityFrameworkCore.Database.Command|Failed executing DbCommand (8ms) [Parameters=[], CommandType='Text', CommandTimeout='30']
SELECT [t].[Id], [t].[Audience], [t].[Description], [t].[Genre], [t].[Name], [t].[Poster], [t].[Seasons], [t].[Status], [t].[Year]
FROM [TVShows] AS [t]
2023-04-25 19:39:52.5817|ERROR|Microsoft.EntityFrameworkCore.Query|An exception occurred while iterating over the results of a query for context type 'Nite.API.Data.DataContext'.
Microsoft.Data.SqlClient.SqlException (0x80131904): Invalid column name 'Poster'.
   at Microsoft.Data.SqlClient.SqlConnection.OnError(SqlException exception, Boolean breakConnection, Action`1 wrapCloseInAction)
   at Microsoft.Data.SqlClient.TdsParser.ThrowExceptionAndWarning(TdsParserStateObject stateObj, Boolean callerHasConnectionLock, Boolean asyncClose)
   at Microsoft.Data.SqlClient.TdsParser.TryRun(RunBehavior runBehavior, SqlCommand cmdHandler, SqlDataReader dataStream, BulkCopySimpleResultSet bulkCopyHandler, TdsParserStateObject stateObj, Boolean& dataReady)
   at Microsoft.Data.SqlClient.SqlDataReader.TryConsumeMetaData()
   at Microsoft.Data.SqlClient.SqlDataReader.get_MetaData()
   at Microsoft.Data.SqlClient.SqlCommand.FinishExecuteReader(SqlDataReader ds, RunBehavior runBehavior, String resetOptionsString, Boolean isInternal, Boolean forDescribeParameterEncryption, Boolean shouldCacheForAlwaysEncrypted)
   at Microsoft.Data.SqlClient.SqlCommand.RunExecuteReaderTds(CommandBehavior cmdBehavior, RunBehavior runBehavior, Boolean returnStream, Boolean isAsync, Int32 timeout, Task& task, Boolean asyncWrite, Boolean inRetry, SqlDataReader ds, Boolean describeParameterEncryptionRequest)
   at Microsoft.Data.SqlClient.SqlCommand.RunExecuteReader(CommandBehavior cmdBehavior, RunBehavior runBehavior, Boolean returnStream, TaskCompletionSource`1 completion, Int32 timeout, Task& task, Boolean& usedCache, Boolean asyncWrite, Boolean inRetry, String method)
   at Microsoft.Data.SqlClient.SqlCommand.ExecuteReader(CommandBehavior behavior)
   at Microsoft.Data.SqlClient.SqlCommand.ExecuteDbDataReader(CommandBehavior behavior)
   at Microsoft.EntityFrameworkCore.Storage.RelationalCommand.ExecuteReader(RelationalCommandParameterObject parameterObject)
   at Microsoft.EntityFrameworkCore.Query.Internal.SingleQueryingEnumerable`1.Enumerator.InitializeReader(Enumerator enumerator)
   at Microsoft.EntityFrameworkCore.SqlServer.Storage.Internal.SqlServerExecutionStrategy.Execute[TState,TResult](TState state, Func`3 operation, Func`3 verifySucceeded)
   at Microsoft.EntityFrameworkCore.Query.Internal.SingleQueryingEnumerable`1.Enumerator.MoveNext()
ClientConnectionId:a43b9694-02e3-4366-b896-db6604aa7a7a
Error Number:207,State:1,Class:16|Microsoft.Data.SqlClient.SqlException (0x80131904): Invalid column name 'Poster'.
   at Microsoft.Data.SqlClient.SqlConnection.OnError(SqlException exception, Boolean breakConnection, Action`1 wrapCloseInAction)
   at Microsoft.Data.SqlClient.TdsParser.ThrowExceptionAndWarning(TdsParserStateObject stateObj, Boolean callerHasConnectionLock, Boolean asyncClose)
   at Microsoft.Data.SqlClient.TdsParser.TryRun(RunBehavior runBehavior, SqlCommand cmdHandler, SqlDataReader dataStream, BulkCopySimpleResultSet bulkCopyHandler, TdsParserStateObject stateObj, Boolean& dataReady)
   at Microsoft.Data.SqlClient.SqlDataReader.TryConsumeMetaData()
   at Microsoft.Data.SqlClient.SqlDataReader.get_MetaData()
   at Microsoft.Data.SqlClient.SqlCommand.FinishExecuteReader(SqlDataReader ds, RunBehavior runBehavior, String resetOptionsString, Boolean isInternal, Boolean forDescribeParameterEncryption, Boolean shouldCacheForAlwaysEncrypted)
   at Microsoft.Data.SqlClient.SqlCommand.RunExecuteReaderTds(CommandBehavior cmdBehavior, RunBehavior runBehavior, Boolean returnStream, Boolean isAsync, Int32 timeout, Task& task, Boolean asyncWrite, Boolean inRetry, SqlDataReader ds, Boolean describeParameterEncryptionRequest)
   at Microsoft.Data.SqlClient.SqlCommand.RunExecuteReader(CommandBehavior cmdBehavior, RunBehavior runBehavior, Boolean returnStream, TaskCompletionSource`1 completion, Int32 timeout, Task& task, Boolean& usedCache, Boolean asyncWrite, Boolean inRetry, String method)
   at Microsoft.Data.SqlClient.SqlCommand.ExecuteReader(CommandBehavior behavior)
   at Microsoft.Data.SqlClient.SqlCommand.ExecuteDbDataReader(CommandBehavior behavior)
   at Microsoft.EntityFrameworkCore.Storage.RelationalCommand.ExecuteReader(RelationalCommandParameterObject parameterObject)
   at Microsoft.EntityFrameworkCore.Query.Internal.SingleQueryingEnumerable`1.Enumerator.InitializeReader(Enumerator enumerator)
   at Microsoft.EntityFrameworkCore.SqlServer.Storage.Internal.SqlServerExecutionStrategy.Execute[TState,TResult](TState state, Func`3 operation, Func`3 verifySucceeded)
   at Microsoft.EntityFrameworkCore.Query.Internal.SingleQueryingEnumerable`1.Enumerator.MoveNext()
ClientConnectionId:a43b9694-02e3-4366-b896-db6604aa7a7a
Error Number:207,State:1,Class:16
2023-04-25 19:39:52.6461|FATAL|Nite.API.Controllers.TVShowsController|Exception while getting TV shows!
2023-04-25 19:39:52.6461|INFO|Microsoft.AspNetCore.Mvc.Infrastructure.ObjectResultExecutor|Executing ObjectResult, writing value of type 'System.String'.
2023-04-25 19:39:52.6461|INFO|Microsoft.AspNetCore.Mvc.Infrastructure.ControllerActionInvoker|Executed action Nite.API.Controllers.TVShowsController.GetTVShows (Nite.API) in 91.3094ms
2023-04-25 19:39:52.6461|INFO|Microsoft.AspNetCore.Routing.EndpointMiddleware|Executed endpoint 'Nite.API.Controllers.TVShowsController.GetTVShows (Nite.API)'
2023-04-25 19:39:52.6461|INFO|Microsoft.AspNetCore.Hosting.Diagnostics|Request finished HTTP/1.1 GET https://localhost:7053/api/shows application/json 188 - 500 - text/plain;+charset=utf-8 91.9688ms
2023-04-25 19:43:41.3503|INFO|Nite.API.Program|Initializing application...
2023-04-25 19:43:47.2019|INFO|Microsoft.EntityFrameworkCore.Database.Command|Executed DbCommand (69ms) [Parameters=[], CommandType='Text', CommandTimeout='30']
SELECT 1
2023-04-25 19:43:47.3215|INFO|Microsoft.EntityFrameworkCore.Database.Command|Executed DbCommand (54ms) [Parameters=[], CommandType='Text', CommandTimeout='30']
SELECT OBJECT_ID(N'[__EFMigrationsHistory]');
2023-04-25 19:43:47.3316|INFO|Microsoft.EntityFrameworkCore.Database.Command|Executed DbCommand (5ms) [Parameters=[], CommandType='Text', CommandTimeout='30']
SELECT 1
2023-04-25 19:43:47.3316|INFO|Microsoft.EntityFrameworkCore.Database.Command|Executed DbCommand (4ms) [Parameters=[], CommandType='Text', CommandTimeout='30']
SELECT OBJECT_ID(N'[__EFMigrationsHistory]');
2023-04-25 19:43:47.4043|INFO|Microsoft.EntityFrameworkCore.Database.Command|Executed DbCommand (11ms) [Parameters=[], CommandType='Text', CommandTimeout='30']
SELECT [MigrationId], [ProductVersion]
FROM [__EFMigrationsHistory]
ORDER BY [MigrationId];
2023-04-25 19:43:47.4622|INFO|Microsoft.EntityFrameworkCore.Migrations|Applying migration '20230425163840_Poster'.
2023-04-25 19:43:47.8369|INFO|Microsoft.EntityFrameworkCore.Database.Command|Executed DbCommand (239ms) [Parameters=[], CommandType='Text', CommandTimeout='30']
ALTER TABLE [TVShows] ADD [Poster] nvarchar(max) NULL;
2023-04-25 19:43:47.9120|INFO|Microsoft.EntityFrameworkCore.Database.Command|Executed DbCommand (72ms) [Parameters=[], CommandType='Text', CommandTimeout='30']
UPDATE [TVShows] SET [Poster] = NULL
WHERE [Id] = 1;
SELECT @@ROWCOUNT;
2023-04-25 19:43:47.9209|INFO|Microsoft.EntityFrameworkCore.Database.Command|Executed DbCommand (7ms) [Parameters=[], CommandType='Text', CommandTimeout='30']
UPDATE [TVShows] SET [Poster] = NULL
WHERE [Id] = 2;
SELECT @@ROWCOUNT;
2023-04-25 19:43:47.9209|INFO|Microsoft.EntityFrameworkCore.Database.Command|Executed DbCommand (5ms) [Parameters=[], CommandType='Text', CommandTimeout='30']
UPDATE [TVShows] SET [Poster] = NULL
WHERE [Id] = 3;
SELECT @@ROWCOUNT;
2023-04-25 19:43:47.9358|INFO|Microsoft.EntityFrameworkCore.Database.Command|Executed DbCommand (6ms) [Parameters=[], CommandType='Text', CommandTimeout='30']
UPDATE [TVShows] SET [Poster] = NULL
WHERE [Id] = 4;
SELECT @@ROWCOUNT;
2023-04-25 19:43:47.9358|INFO|Microsoft.EntityFrameworkCore.Database.Command|Executed DbCommand (9ms) [Parameters=[], CommandType='Text', CommandTimeout='30']
INSERT INTO [__EFMigrationsHistory] ([MigrationId], [ProductVersion])
VALUES (N'20230425163840_Poster', N'7.0.4');
2023-04-25 19:43:48.2754|INFO|Microsoft.AspNetCore.DataProtection.KeyManagement.XmlKeyManager|User profile is available. Using 'C:\Users\Andreea\AppData\Local\ASP.NET\DataProtection-Keys' as key repository and Windows DPAPI to encrypt keys at rest.
2023-04-25 19:43:49.5063|INFO|Microsoft.AspNetCore.Hosting.Diagnostics|Request starting HTTP/2 GET https://localhost:7053/ - -
2023-04-25 19:43:49.6820|INFO|Microsoft.AspNetCore.Hosting.Diagnostics|Request finished HTTP/2 GET https://localhost:7053/ - - - 404 0 - 181.9456ms
2023-04-25 19:44:06.2032|INFO|Microsoft.AspNetCore.Hosting.Diagnostics|Request starting HTTP/1.1 GET https://localhost:7053/api/shows application/json 188
2023-04-25 19:44:06.2032|INFO|Microsoft.AspNetCore.Routing.EndpointMiddleware|Executing endpoint 'Nite.API.Controllers.TVShowsController.GetTVShows (Nite.API)'
2023-04-25 19:44:06.2416|INFO|Microsoft.AspNetCore.Mvc.Infrastructure.ControllerActionInvoker|Route matched with {action = "GetTVShows", controller = "TVShows"}. Executing controller action with signature Microsoft.AspNetCore.Mvc.IActionResult GetTVShows() on controller Nite.API.Controllers.TVShowsController (Nite.API).
2023-04-25 19:44:07.1205|INFO|Microsoft.EntityFrameworkCore.Database.Command|Executed DbCommand (19ms) [Parameters=[], CommandType='Text', CommandTimeout='30']
SELECT [t].[Id], [t].[Audience], [t].[Description], [t].[Genre], [t].[Name], [t].[Poster], [t].[Seasons], [t].[Status], [t].[Year]
FROM [TVShows] AS [t]
2023-04-25 19:44:07.2858|INFO|Microsoft.AspNetCore.Mvc.Infrastructure.ObjectResultExecutor|Executing OkObjectResult, writing value of type 'System.Collections.Generic.List`1[[Nite.API.Data.Models.TVShowDTO, Nite.API, Version=1.0.0.0, Culture=neutral, PublicKeyToken=null]]'.
2023-04-25 19:44:07.5235|INFO|Microsoft.AspNetCore.Mvc.Infrastructure.ControllerActionInvoker|Executed action Nite.API.Controllers.TVShowsController.GetTVShows (Nite.API) in 1273.3599ms
2023-04-25 19:44:07.5235|INFO|Microsoft.AspNetCore.Routing.EndpointMiddleware|Executed endpoint 'Nite.API.Controllers.TVShowsController.GetTVShows (Nite.API)'
2023-04-25 19:44:07.5475|INFO|Microsoft.AspNetCore.Hosting.Diagnostics|Request finished HTTP/1.1 GET https://localhost:7053/api/shows application/json 188 - 200 1370 application/json;+charset=utf-8 1344.3380ms
2023-04-25 19:48:41.0416|INFO|Microsoft.AspNetCore.Hosting.Diagnostics|Request starting HTTP/1.1 POST https://localhost:7053/api/shows multipart/form-data;+boundary=--------------------------612299654055564698982132 1644971
2023-04-25 19:48:41.0416|INFO|Microsoft.AspNetCore.Routing.EndpointMiddleware|Executing endpoint 'Nite.API.Controllers.TVShowsController.CreateTVShow (Nite.API)'
2023-04-25 19:48:41.0664|INFO|Microsoft.AspNetCore.Mvc.Infrastructure.ControllerActionInvoker|Route matched with {action = "CreateTVShow", controller = "TVShows"}. Executing controller action with signature Microsoft.AspNetCore.Mvc.IActionResult CreateTVShow(Nite.API.Data.Models.TVShowCreationDTO) on controller Nite.API.Controllers.TVShowsController (Nite.API).
2023-04-25 19:48:41.2220|INFO|Microsoft.AspNetCore.Mvc.Infrastructure.ObjectResultExecutor|Executing ObjectResult, writing value of type 'Microsoft.AspNetCore.Mvc.ProblemDetails'.
2023-04-25 19:48:41.2555|INFO|Microsoft.AspNetCore.Mvc.Infrastructure.ControllerActionInvoker|Executed action Nite.API.Controllers.TVShowsController.CreateTVShow (Nite.API) in 189.0156ms
2023-04-25 19:48:41.2555|INFO|Microsoft.AspNetCore.Routing.EndpointMiddleware|Executed endpoint 'Nite.API.Controllers.TVShowsController.CreateTVShow (Nite.API)'
2023-04-25 19:48:41.2724|INFO|Microsoft.AspNetCore.Hosting.Diagnostics|Request finished HTTP/1.1 POST https://localhost:7053/api/shows multipart/form-data;+boundary=--------------------------612299654055564698982132 1644971 - 415 175 application/problem+json;+charset=utf-8 230.8297ms
2023-04-25 19:51:40.8516|INFO|Nite.API.Program|Initializing application...
2023-04-25 19:51:47.5997|INFO|Microsoft.EntityFrameworkCore.Database.Command|Executed DbCommand (69ms) [Parameters=[], CommandType='Text', CommandTimeout='30']
SELECT 1
2023-04-25 19:51:47.7073|INFO|Microsoft.EntityFrameworkCore.Database.Command|Executed DbCommand (46ms) [Parameters=[], CommandType='Text', CommandTimeout='30']
SELECT OBJECT_ID(N'[__EFMigrationsHistory]');
2023-04-25 19:51:47.7180|INFO|Microsoft.EntityFrameworkCore.Database.Command|Executed DbCommand (5ms) [Parameters=[], CommandType='Text', CommandTimeout='30']
SELECT 1
2023-04-25 19:51:47.7180|INFO|Microsoft.EntityFrameworkCore.Database.Command|Executed DbCommand (3ms) [Parameters=[], CommandType='Text', CommandTimeout='30']
SELECT OBJECT_ID(N'[__EFMigrationsHistory]');
2023-04-25 19:51:47.7891|INFO|Microsoft.EntityFrameworkCore.Database.Command|Executed DbCommand (10ms) [Parameters=[], CommandType='Text', CommandTimeout='30']
SELECT [MigrationId], [ProductVersion]
FROM [__EFMigrationsHistory]
ORDER BY [MigrationId];
2023-04-25 19:51:47.8404|INFO|Microsoft.EntityFrameworkCore.Migrations|No migrations were applied. The database is already up to date.
2023-04-25 19:51:48.1117|INFO|Microsoft.AspNetCore.DataProtection.KeyManagement.XmlKeyManager|User profile is available. Using 'C:\Users\Andreea\AppData\Local\ASP.NET\DataProtection-Keys' as key repository and Windows DPAPI to encrypt keys at rest.
2023-04-25 19:51:49.2874|INFO|Microsoft.AspNetCore.Hosting.Diagnostics|Request starting HTTP/2 GET https://localhost:7053/ - -
2023-04-25 19:51:49.4586|INFO|Microsoft.AspNetCore.Hosting.Diagnostics|Request finished HTTP/2 GET https://localhost:7053/ - - - 404 0 - 178.6654ms
2023-04-25 19:52:45.5728|INFO|Microsoft.AspNetCore.Hosting.Diagnostics|Request starting HTTP/1.1 POST https://localhost:7053/api/shows - 0
2023-04-25 19:52:45.5791|INFO|Microsoft.AspNetCore.Routing.EndpointMiddleware|Executing endpoint 'Nite.API.Controllers.TVShowsController.CreateTVShow (Nite.API)'
2023-04-25 19:52:45.6299|INFO|Microsoft.AspNetCore.Mvc.Infrastructure.ControllerActionInvoker|Route matched with {action = "CreateTVShow", controller = "TVShows"}. Executing controller action with signature Microsoft.AspNetCore.Mvc.IActionResult CreateTVShow(Nite.API.Data.Models.TVShowCreationDTO) on controller Nite.API.Controllers.TVShowsController (Nite.API).
2023-04-25 19:52:45.9443|INFO|Microsoft.AspNetCore.Mvc.Infrastructure.ObjectResultExecutor|Executing ObjectResult, writing value of type 'Microsoft.AspNetCore.Mvc.ProblemDetails'.
2023-04-25 19:52:46.1897|INFO|Microsoft.AspNetCore.Mvc.Infrastructure.ControllerActionInvoker|Executed action Nite.API.Controllers.TVShowsController.CreateTVShow (Nite.API) in 551.5079ms
2023-04-25 19:52:46.1897|INFO|Microsoft.AspNetCore.Routing.EndpointMiddleware|Executed endpoint 'Nite.API.Controllers.TVShowsController.CreateTVShow (Nite.API)'
2023-04-25 19:52:46.1897|INFO|Microsoft.AspNetCore.Hosting.Diagnostics|Request finished HTTP/1.1 POST https://localhost:7053/api/shows - 0 - 415 175 application/problem+json;+charset=utf-8 621.7536ms
2023-04-25 19:53:06.1990|INFO|Microsoft.AspNetCore.Hosting.Diagnostics|Request starting HTTP/1.1 POST https://localhost:7053/api/shows application/json 401
2023-04-25 19:53:06.2011|INFO|Microsoft.AspNetCore.Routing.EndpointMiddleware|Executing endpoint 'Nite.API.Controllers.TVShowsController.CreateTVShow (Nite.API)'
2023-04-25 19:53:06.2011|INFO|Microsoft.AspNetCore.Mvc.Infrastructure.ControllerActionInvoker|Route matched with {action = "CreateTVShow", controller = "TVShows"}. Executing controller action with signature Microsoft.AspNetCore.Mvc.IActionResult CreateTVShow(Nite.API.Data.Models.TVShowCreationDTO) on controller Nite.API.Controllers.TVShowsController (Nite.API).
2023-04-25 19:53:06.3511|INFO|Microsoft.AspNetCore.Mvc.Infrastructure.ObjectResultExecutor|Executing BadRequestObjectResult, writing value of type 'Microsoft.AspNetCore.Mvc.ValidationProblemDetails'.
2023-04-25 19:53:06.3953|INFO|Microsoft.AspNetCore.Mvc.Infrastructure.ControllerActionInvoker|Executed action Nite.API.Controllers.TVShowsController.CreateTVShow (Nite.API) in 193.7475ms
2023-04-25 19:53:06.3953|INFO|Microsoft.AspNetCore.Routing.EndpointMiddleware|Executed endpoint 'Nite.API.Controllers.TVShowsController.CreateTVShow (Nite.API)'
2023-04-25 19:53:06.3953|INFO|Microsoft.AspNetCore.Hosting.Diagnostics|Request finished HTTP/1.1 POST https://localhost:7053/api/shows application/json 401 - 400 415 application/problem+json;+charset=utf-8 196.4322ms
2023-04-25 19:53:31.1181|INFO|Microsoft.AspNetCore.Hosting.Diagnostics|Request starting HTTP/1.1 POST https://localhost:7053/api/shows application/json 402
2023-04-25 19:53:31.1181|INFO|Microsoft.AspNetCore.Routing.EndpointMiddleware|Executing endpoint 'Nite.API.Controllers.TVShowsController.CreateTVShow (Nite.API)'
2023-04-25 19:53:31.1181|INFO|Microsoft.AspNetCore.Mvc.Infrastructure.ControllerActionInvoker|Route matched with {action = "CreateTVShow", controller = "TVShows"}. Executing controller action with signature Microsoft.AspNetCore.Mvc.IActionResult CreateTVShow(Nite.API.Data.Models.TVShowCreationDTO) on controller Nite.API.Controllers.TVShowsController (Nite.API).
2023-04-25 19:53:31.1287|INFO|Microsoft.AspNetCore.Mvc.Infrastructure.ObjectResultExecutor|Executing BadRequestObjectResult, writing value of type 'Microsoft.AspNetCore.Mvc.ValidationProblemDetails'.
2023-04-25 19:53:31.1287|INFO|Microsoft.AspNetCore.Mvc.Infrastructure.ControllerActionInvoker|Executed action Nite.API.Controllers.TVShowsController.CreateTVShow (Nite.API) in 7.94ms
2023-04-25 19:53:31.1287|INFO|Microsoft.AspNetCore.Routing.EndpointMiddleware|Executed endpoint 'Nite.API.Controllers.TVShowsController.CreateTVShow (Nite.API)'
2023-04-25 19:53:31.1287|INFO|Microsoft.AspNetCore.Hosting.Diagnostics|Request finished HTTP/1.1 POST https://localhost:7053/api/shows application/json 402 - 400 416 application/problem+json;+charset=utf-8 10.9593ms
2023-04-25 19:53:39.4408|INFO|Microsoft.AspNetCore.Hosting.Diagnostics|Request starting HTTP/1.1 POST https://localhost:7053/api/shows application/json 401
2023-04-25 19:53:39.4408|INFO|Microsoft.AspNetCore.Routing.EndpointMiddleware|Executing endpoint 'Nite.API.Controllers.TVShowsController.CreateTVShow (Nite.API)'
2023-04-25 19:53:39.4408|INFO|Microsoft.AspNetCore.Mvc.Infrastructure.ControllerActionInvoker|Route matched with {action = "CreateTVShow", controller = "TVShows"}. Executing controller action with signature Microsoft.AspNetCore.Mvc.IActionResult CreateTVShow(Nite.API.Data.Models.TVShowCreationDTO) on controller Nite.API.Controllers.TVShowsController (Nite.API).
2023-04-25 19:53:39.4408|INFO|Microsoft.AspNetCore.Mvc.Infrastructure.ObjectResultExecutor|Executing BadRequestObjectResult, writing value of type 'Microsoft.AspNetCore.Mvc.ValidationProblemDetails'.
2023-04-25 19:53:39.4408|INFO|Microsoft.AspNetCore.Mvc.Infrastructure.ControllerActionInvoker|Executed action Nite.API.Controllers.TVShowsController.CreateTVShow (Nite.API) in 1.1951ms
2023-04-25 19:53:39.4408|INFO|Microsoft.AspNetCore.Routing.EndpointMiddleware|Executed endpoint 'Nite.API.Controllers.TVShowsController.CreateTVShow (Nite.API)'
2023-04-25 19:53:39.4408|INFO|Microsoft.AspNetCore.Hosting.Diagnostics|Request finished HTTP/1.1 POST https://localhost:7053/api/shows application/json 401 - 400 415 application/problem+json;+charset=utf-8 1.6148ms
2023-04-25 19:54:29.5706|INFO|Microsoft.AspNetCore.Hosting.Diagnostics|Request starting HTTP/1.1 POST https://localhost:7053/api/shows application/json 402
2023-04-25 19:54:29.6033|INFO|Microsoft.AspNetCore.Routing.EndpointMiddleware|Executing endpoint 'Nite.API.Controllers.TVShowsController.CreateTVShow (Nite.API)'
2023-04-25 19:54:29.6033|INFO|Microsoft.AspNetCore.Mvc.Infrastructure.ControllerActionInvoker|Route matched with {action = "CreateTVShow", controller = "TVShows"}. Executing controller action with signature Microsoft.AspNetCore.Mvc.IActionResult CreateTVShow(Nite.API.Data.Models.TVShowCreationDTO) on controller Nite.API.Controllers.TVShowsController (Nite.API).
2023-04-25 19:54:29.6033|INFO|Microsoft.AspNetCore.Mvc.Infrastructure.ObjectResultExecutor|Executing BadRequestObjectResult, writing value of type 'Microsoft.AspNetCore.Mvc.ValidationProblemDetails'.
2023-04-25 19:54:29.6079|INFO|Microsoft.AspNetCore.Mvc.Infrastructure.ControllerActionInvoker|Executed action Nite.API.Controllers.TVShowsController.CreateTVShow (Nite.API) in 3.1063ms
2023-04-25 19:54:29.6079|INFO|Microsoft.AspNetCore.Routing.EndpointMiddleware|Executed endpoint 'Nite.API.Controllers.TVShowsController.CreateTVShow (Nite.API)'
2023-04-25 19:54:29.6079|INFO|Microsoft.AspNetCore.Hosting.Diagnostics|Request finished HTTP/1.1 POST https://localhost:7053/api/shows application/json 402 - 400 416 application/problem+json;+charset=utf-8 37.4939ms
2023-04-25 19:55:19.3050|INFO|Nite.API.Program|Initializing application...
2023-04-25 19:55:25.4069|INFO|Microsoft.EntityFrameworkCore.Database.Command|Executed DbCommand (81ms) [Parameters=[], CommandType='Text', CommandTimeout='30']
SELECT 1
2023-04-25 19:55:25.5241|INFO|Microsoft.EntityFrameworkCore.Database.Command|Executed DbCommand (52ms) [Parameters=[], CommandType='Text', CommandTimeout='30']
SELECT OBJECT_ID(N'[__EFMigrationsHistory]');
2023-04-25 19:55:25.5344|INFO|Microsoft.EntityFrameworkCore.Database.Command|Executed DbCommand (5ms) [Parameters=[], CommandType='Text', CommandTimeout='30']
SELECT 1
2023-04-25 19:55:25.5344|INFO|Microsoft.EntityFrameworkCore.Database.Command|Executed DbCommand (3ms) [Parameters=[], CommandType='Text', CommandTimeout='30']
SELECT OBJECT_ID(N'[__EFMigrationsHistory]');
2023-04-25 19:55:25.6029|INFO|Microsoft.EntityFrameworkCore.Database.Command|Executed DbCommand (8ms) [Parameters=[], CommandType='Text', CommandTimeout='30']
SELECT [MigrationId], [ProductVersion]
FROM [__EFMigrationsHistory]
ORDER BY [MigrationId];
2023-04-25 19:55:25.6551|INFO|Microsoft.EntityFrameworkCore.Migrations|No migrations were applied. The database is already up to date.
2023-04-25 19:55:25.9601|INFO|Microsoft.AspNetCore.DataProtection.KeyManagement.XmlKeyManager|User profile is available. Using 'C:\Users\Andreea\AppData\Local\ASP.NET\DataProtection-Keys' as key repository and Windows DPAPI to encrypt keys at rest.
2023-04-25 19:55:27.1831|INFO|Microsoft.AspNetCore.Hosting.Diagnostics|Request starting HTTP/2 GET https://localhost:7053/ - -
2023-04-25 19:55:27.3613|INFO|Microsoft.AspNetCore.Hosting.Diagnostics|Request finished HTTP/2 GET https://localhost:7053/ - - - 404 0 - 186.8545ms
2023-04-25 19:55:30.5326|INFO|Microsoft.AspNetCore.Hosting.Diagnostics|Request starting HTTP/1.1 POST https://localhost:7053/api/shows application/json 402
2023-04-25 19:55:30.5326|INFO|Microsoft.AspNetCore.Routing.EndpointMiddleware|Executing endpoint 'Nite.API.Controllers.TVShowsController.CreateTVShow (Nite.API)'
2023-04-25 19:55:30.5861|INFO|Microsoft.AspNetCore.Mvc.Infrastructure.ControllerActionInvoker|Route matched with {action = "CreateTVShow", controller = "TVShows"}. Executing controller action with signature Microsoft.AspNetCore.Mvc.IActionResult CreateTVShow(Nite.API.Data.Models.TVShowCreationDTO) on controller Nite.API.Controllers.TVShowsController (Nite.API).
2023-04-25 19:55:31.1918|INFO|Microsoft.AspNetCore.Mvc.Infrastructure.ObjectResultExecutor|Executing BadRequestObjectResult, writing value of type 'Microsoft.AspNetCore.Mvc.ValidationProblemDetails'.
2023-04-25 19:55:31.3373|INFO|Microsoft.AspNetCore.Mvc.Infrastructure.ControllerActionInvoker|Executed action Nite.API.Controllers.TVShowsController.CreateTVShow (Nite.API) in 744.0907ms
2023-04-25 19:55:31.3373|INFO|Microsoft.AspNetCore.Routing.EndpointMiddleware|Executed endpoint 'Nite.API.Controllers.TVShowsController.CreateTVShow (Nite.API)'
2023-04-25 19:55:31.3431|INFO|Microsoft.AspNetCore.Hosting.Diagnostics|Request finished HTTP/1.1 POST https://localhost:7053/api/shows application/json 402 - 400 416 application/problem+json;+charset=utf-8 810.4507ms
2023-04-25 19:55:49.0010|INFO|Microsoft.AspNetCore.Hosting.Diagnostics|Request starting HTTP/1.1 POST https://localhost:7053/api/shows application/json 401
2023-04-25 19:55:49.0010|INFO|Microsoft.AspNetCore.Routing.EndpointMiddleware|Executing endpoint 'Nite.API.Controllers.TVShowsController.CreateTVShow (Nite.API)'
2023-04-25 19:55:49.0010|INFO|Microsoft.AspNetCore.Mvc.Infrastructure.ControllerActionInvoker|Route matched with {action = "CreateTVShow", controller = "TVShows"}. Executing controller action with signature Microsoft.AspNetCore.Mvc.IActionResult CreateTVShow(Nite.API.Data.Models.TVShowCreationDTO) on controller Nite.API.Controllers.TVShowsController (Nite.API).
2023-04-25 19:55:49.0010|INFO|Microsoft.AspNetCore.Mvc.Infrastructure.ObjectResultExecutor|Executing BadRequestObjectResult, writing value of type 'Microsoft.AspNetCore.Mvc.ValidationProblemDetails'.
2023-04-25 19:55:49.0010|INFO|Microsoft.AspNetCore.Mvc.Infrastructure.ControllerActionInvoker|Executed action Nite.API.Controllers.TVShowsController.CreateTVShow (Nite.API) in 2.8758ms
2023-04-25 19:55:49.0010|INFO|Microsoft.AspNetCore.Routing.EndpointMiddleware|Executed endpoint 'Nite.API.Controllers.TVShowsController.CreateTVShow (Nite.API)'
2023-04-25 19:55:49.0010|INFO|Microsoft.AspNetCore.Hosting.Diagnostics|Request finished HTTP/1.1 POST https://localhost:7053/api/shows application/json 401 - 400 415 application/problem+json;+charset=utf-8 5.5652ms
