2023-03-30 00:33:53.7046|INFO|Nite.API.Program|Initializing application...
2023-03-30 00:34:06.7973|INFO|Microsoft.EntityFrameworkCore.Database.Command|Executed DbCommand (61ms) [Parameters=[], CommandType='Text', CommandTimeout='30']
SELECT 1
2023-03-30 00:34:06.8971|INFO|Microsoft.EntityFrameworkCore.Database.Command|Executed DbCommand (44ms) [Parameters=[], CommandType='Text', CommandTimeout='30']
SELECT OBJECT_ID(N'[__EFMigrationsHistory]');
2023-03-30 00:34:06.8971|INFO|Microsoft.EntityFrameworkCore.Database.Command|Executed DbCommand (6ms) [Parameters=[], CommandType='Text', CommandTimeout='30']
SELECT 1
2023-03-30 00:34:06.9143|INFO|Microsoft.EntityFrameworkCore.Database.Command|Executed DbCommand (3ms) [Parameters=[], CommandType='Text', CommandTimeout='30']
SELECT OBJECT_ID(N'[__EFMigrationsHistory]');
2023-03-30 00:34:06.9736|INFO|Microsoft.EntityFrameworkCore.Database.Command|Executed DbCommand (10ms) [Parameters=[], CommandType='Text', CommandTimeout='30']
SELECT [MigrationId], [ProductVersion]
FROM [__EFMigrationsHistory]
ORDER BY [MigrationId];
2023-03-30 00:34:07.0170|INFO|Microsoft.EntityFrameworkCore.Migrations|Applying migration '20230328164011_Initial Migration'.
2023-03-30 00:34:07.1924|ERROR|Microsoft.EntityFrameworkCore.Database.Command|Failed executing DbCommand (17ms) [Parameters=[], CommandType='Text', CommandTimeout='30']
CREATE TABLE [TVShows] (
    [Id] int NOT NULL IDENTITY,
    [Name] nvarchar(max) NOT NULL,
    [Year] int NOT NULL,
    [Audience] nvarchar(max) NOT NULL,
    [Seasons] int NOT NULL,
    [Genre] nvarchar(max) NOT NULL,
    [Status] nvarchar(max) NOT NULL,
    [Description] nvarchar(max) NOT NULL,
    CONSTRAINT [PK_TVShows] PRIMARY KEY ([Id])
);
2023-03-30 00:34:07.2497|ERROR|Nite.API.Program|An error occured while migrating the database!|Microsoft.Data.SqlClient.SqlException (0x80131904): There is already an object named 'TVShows' in the database.
   at Microsoft.Data.SqlClient.SqlConnection.OnError(SqlException exception, Boolean breakConnection, Action`1 wrapCloseInAction)
   at Microsoft.Data.SqlClient.TdsParser.ThrowExceptionAndWarning(TdsParserStateObject stateObj, Boolean callerHasConnectionLock, Boolean asyncClose)
   at Microsoft.Data.SqlClient.TdsParser.TryRun(RunBehavior runBehavior, SqlCommand cmdHandler, SqlDataReader dataStream, BulkCopySimpleResultSet bulkCopyHandler, TdsParserStateObject stateObj, Boolean& dataReady)
   at Microsoft.Data.SqlClient.SqlCommand.RunExecuteNonQueryTds(String methodName, Boolean isAsync, Int32 timeout, Boolean asyncWrite)
   at Microsoft.Data.SqlClient.SqlCommand.InternalExecuteNonQuery(TaskCompletionSource`1 completion, Boolean sendToPipe, Int32 timeout, Boolean& usedCache, Boolean asyncWrite, Boolean inRetry, String methodName)
   at Microsoft.Data.SqlClient.SqlCommand.ExecuteNonQuery()
   at Microsoft.EntityFrameworkCore.Storage.RelationalCommand.ExecuteNonQuery(RelationalCommandParameterObject parameterObject)
   at Microsoft.EntityFrameworkCore.Migrations.MigrationCommand.ExecuteNonQuery(IRelationalConnection connection, IReadOnlyDictionary`2 parameterValues)
   at Microsoft.EntityFrameworkCore.Migrations.Internal.MigrationCommandExecutor.ExecuteNonQuery(IEnumerable`1 migrationCommands, IRelationalConnection connection)
   at Microsoft.EntityFrameworkCore.Migrations.Internal.Migrator.Migrate(String targetMigration)
   at Nite.API.Program.Main(String[] args) in D:\Nite\Nite - Backend\Nite.API\Program.cs:line 29
ClientConnectionId:a3d0a88b-756f-4b13-9d82-e27400dcda39
Error Number:2714,State:6,Class:16
2023-03-30 00:34:07.8358|INFO|Microsoft.AspNetCore.DataProtection.KeyManagement.XmlKeyManager|User profile is available. Using 'C:\Users\Andreea\AppData\Local\ASP.NET\DataProtection-Keys' as key repository and Windows DPAPI to encrypt keys at rest.
2023-03-30 00:34:10.1577|INFO|Microsoft.AspNetCore.Hosting.Diagnostics|Request starting HTTP/2 GET https://localhost:7053/ - -
2023-03-30 00:34:10.4193|INFO|Microsoft.AspNetCore.Hosting.Diagnostics|Request finished HTTP/2 GET https://localhost:7053/ - - - 404 0 - 269.9239ms
2023-03-30 00:37:45.2436|INFO|Microsoft.AspNetCore.Hosting.Diagnostics|Request starting HTTP/2 OPTIONS https://localhost:7053/api/users - -
2023-03-30 00:37:45.2644|INFO|Microsoft.AspNetCore.Cors.Infrastructure.CorsService|CORS policy execution successful.
2023-03-30 00:37:45.2728|INFO|Microsoft.AspNetCore.Hosting.Diagnostics|Request finished HTTP/2 OPTIONS https://localhost:7053/api/users - - - 204 - - 29.5900ms
2023-03-30 00:37:45.2728|INFO|Microsoft.AspNetCore.Hosting.Diagnostics|Request starting HTTP/2 POST https://localhost:7053/api/users application/json;charset=UTF-8 143
2023-03-30 00:37:45.2897|INFO|Microsoft.AspNetCore.Cors.Infrastructure.CorsService|CORS policy execution successful.
2023-03-30 00:37:45.2897|INFO|Microsoft.AspNetCore.Routing.EndpointMiddleware|Executing endpoint 'Nite.API.Controllers.UsersController.CreateUser (Nite.API)'
2023-03-30 00:37:45.3661|INFO|Microsoft.AspNetCore.Mvc.Infrastructure.ControllerActionInvoker|Route matched with {action = "CreateUser", controller = "Users"}. Executing controller action with signature Microsoft.AspNetCore.Mvc.IActionResult CreateUser(Nite.API.Data.Models.UserCreationDTO) on controller Nite.API.Controllers.UsersController (Nite.API).
2023-03-30 00:37:46.4144|INFO|Microsoft.EntityFrameworkCore.Database.Command|Executed DbCommand (194ms) [Parameters=[@p0='?' (Size = 4000), @p1='?' (DbType = Boolean), @p2='?' (Size = 4000), @p3='?' (Size = 4000)], CommandType='Text', CommandTimeout='30']
SET IMPLICIT_TRANSACTIONS OFF;
SET NOCOUNT ON;
INSERT INTO [Users] ([Email], [IsAdmin], [Password], [Username])
OUTPUT INSERTED.[Id]
VALUES (@p0, @p1, @p2, @p3);
2023-03-30 00:37:46.4751|INFO|Microsoft.AspNetCore.Mvc.Infrastructure.ObjectResultExecutor|Executing CreatedAtRouteResult, writing value of type 'Nite.API.Data.Models.UserDTO'.
2023-03-30 00:37:46.5903|INFO|Microsoft.AspNetCore.Mvc.Infrastructure.ControllerActionInvoker|Executed action Nite.API.Controllers.UsersController.CreateUser (Nite.API) in 1218.3378ms
2023-03-30 00:37:46.5903|INFO|Microsoft.AspNetCore.Routing.EndpointMiddleware|Executed endpoint 'Nite.API.Controllers.UsersController.CreateUser (Nite.API)'
2023-03-30 00:37:46.6074|INFO|Microsoft.AspNetCore.Hosting.Diagnostics|Request finished HTTP/2 POST https://localhost:7053/api/users application/json;charset=UTF-8 143 - 201 153 application/json;+charset=utf-8 1321.1545ms
2023-03-30 00:38:50.6780|INFO|Microsoft.AspNetCore.Hosting.Diagnostics|Request starting HTTP/2 OPTIONS https://localhost:7053/api/users - -
2023-03-30 00:38:50.6780|INFO|Microsoft.AspNetCore.Cors.Infrastructure.CorsService|CORS policy execution successful.
2023-03-30 00:38:50.6780|INFO|Microsoft.AspNetCore.Hosting.Diagnostics|Request finished HTTP/2 OPTIONS https://localhost:7053/api/users - - - 204 - - 6.4836ms
2023-03-30 00:38:50.6965|INFO|Microsoft.AspNetCore.Hosting.Diagnostics|Request starting HTTP/2 POST https://localhost:7053/api/users application/json;charset=UTF-8 143
2023-03-30 00:38:50.6965|INFO|Microsoft.AspNetCore.Cors.Infrastructure.CorsService|CORS policy execution successful.
2023-03-30 00:38:50.6965|INFO|Microsoft.AspNetCore.Routing.EndpointMiddleware|Executing endpoint 'Nite.API.Controllers.UsersController.CreateUser (Nite.API)'
2023-03-30 00:38:50.6965|INFO|Microsoft.AspNetCore.Mvc.Infrastructure.ControllerActionInvoker|Route matched with {action = "CreateUser", controller = "Users"}. Executing controller action with signature Microsoft.AspNetCore.Mvc.IActionResult CreateUser(Nite.API.Data.Models.UserCreationDTO) on controller Nite.API.Controllers.UsersController (Nite.API).
2023-03-30 00:38:50.7877|INFO|Microsoft.EntityFrameworkCore.Database.Command|Executed DbCommand (8ms) [Parameters=[@p0='?' (Size = 4000), @p1='?' (DbType = Boolean), @p2='?' (Size = 4000), @p3='?' (Size = 4000)], CommandType='Text', CommandTimeout='30']
SET IMPLICIT_TRANSACTIONS OFF;
SET NOCOUNT ON;
INSERT INTO [Users] ([Email], [IsAdmin], [Password], [Username])
OUTPUT INSERTED.[Id]
VALUES (@p0, @p1, @p2, @p3);
2023-03-30 00:38:50.7877|INFO|Microsoft.AspNetCore.Mvc.Infrastructure.ObjectResultExecutor|Executing CreatedAtRouteResult, writing value of type 'Nite.API.Data.Models.UserDTO'.
2023-03-30 00:38:50.7877|INFO|Microsoft.AspNetCore.Mvc.Infrastructure.ControllerActionInvoker|Executed action Nite.API.Controllers.UsersController.CreateUser (Nite.API) in 92.7667ms
2023-03-30 00:38:50.7877|INFO|Microsoft.AspNetCore.Routing.EndpointMiddleware|Executed endpoint 'Nite.API.Controllers.UsersController.CreateUser (Nite.API)'
2023-03-30 00:38:50.7877|INFO|Microsoft.AspNetCore.Hosting.Diagnostics|Request finished HTTP/2 POST https://localhost:7053/api/users application/json;charset=UTF-8 143 - 201 153 application/json;+charset=utf-8 93.7619ms
